# $1:index_pdb
# $2:protocol
# $3:SizeModel
# $4:version
# $5:modelIndex
# $6:AF2Rank
# $7:pLDDT
# $8:pTMSCORE
# $9:ipTMSCORE
# $10:CombinedSCORE
# $11:DockQ
# $12:DockQrank
# $13:CAPRIrank
# $14:CAPRIrankPeptide
# $15:IRMS
# $16:RMSAvsA
# $17:RMSBvsB
# $18:RMSABvsAB
# $19:LRMSA
# $20:LRMSB
# $21:FRNAT
# $22:FRNNAT
# $23:FRIR
1_5V1U	mixed_ali-delim-delim	108	4	4	3	92.1	0.858	0.792	0.805	0.78	Medium	Medium	Medium	1.17	0.46	1.94	1.07	2.59	1.58	80.30	5.36	97.40
1_5V1U	mixed_ali-delim-delim	108	4	3	4	91.8	0.861	0.781	0.797	0.80	Medium	Medium	Medium	1.11	0.49	1.83	1.02	2.39	1.56	81.82	3.57	97.40
1_5V1U	mixed_ali-delim-delim	108	2	5	1	92.7	0.863	0.802	0.814	0.82	High	High	Medium	0.97	0.44	1.60	0.89	2.09	1.30	81.82	6.90	98.70
1_5V1U	mixed_ali-delim-delim	108	4	1	5	92.1	0.856	0.78	0.795	0.85	High	High	Medium	0.87	0.50	1.27	0.82	1.81	1.36	84.85	9.68	97.40
1_5V1U	mixed_ali-delim-delim	108	5	5	1	92.4	0.862	0.804	0.816	0.77	Medium	Medium	Acceptable	1.19	0.52	1.70	1.08	2.59	2.83	77.27	5.56	98.70
1_5V1U	mixed_ali-delim-delim	108	3	3	4	91.4	0.857	0.781	0.796	0.80	Medium	Medium	Medium	1.10	0.49	1.83	1.01	2.36	1.52	81.82	3.57	98.70
1_5V1U	mixed_ali-delim-delim	108	4	2	2	92.4	0.863	0.798	0.811	0.82	High	Medium	Medium	1.06	0.47	1.69	0.98	2.31	1.42	84.85	5.08	97.40
1_5V1U	mixed_ali-delim-delim	108	2	4	3	92.2	0.859	0.793	0.806	0.84	High	High	Medium	0.88	0.45	1.37	0.82	1.88	1.39	83.33	8.33	97.40
1_5V1U	mixed_ali-delim-delim	108	3	5	1	92.5	0.861	0.8	0.812	0.82	High	High	Medium	0.98	0.44	1.62	0.90	2.11	1.32	83.33	6.78	98.70
1_5V1U	mixed_ali-delim-delim	108	5	1	3	92.2	0.858	0.799	0.811	0.76	Medium	Medium	Acceptable	1.25	0.54	1.73	1.14	2.75	2.39	77.27	3.77	96.10
1_5V1U	mixed_ali-delim-delim	108	2	3	5	91.2	0.854	0.771	0.788	0.80	Medium	Medium	Medium	1.12	0.51	1.86	1.03	2.40	1.58	81.82	3.57	97.40
1_5V1U	mixed_ali-delim-delim	108	1	5	1	92.7	0.862	0.802	0.814	0.83	High	High	Medium	0.98	0.45	1.60	0.90	2.11	1.31	83.33	6.78	98.70
1_5V1U	mixed_ali-delim-delim	108	4	5	1	92.9	0.865	0.805	0.817	0.82	High	High	Medium	0.99	0.44	1.62	0.91	2.14	1.33	83.33	6.78	98.70
1_5V1U	mixed_ali-delim-delim	108	2	1	4	92.2	0.858	0.787	0.801	0.86	High	High	Medium	0.87	0.48	1.31	0.82	1.82	1.28	87.88	6.45	98.70
1_5V1U	mixed_ali-delim-delim	108	5	2	2	92.3	0.865	0.801	0.814	0.73	Medium	Medium	Acceptable	1.33	0.55	1.83	1.21	2.95	2.94	74.24	5.77	98.70
1_5V1U	mixed_ali-delim-delim	108	5	4	4	92.1	0.858	0.791	0.804	0.78	Medium	Medium	Medium	1.18	0.45	1.97	1.08	2.62	1.60	81.82	5.26	97.40
1_5V1U	mixed_ali-delim-delim	108	3	2	2	92.2	0.862	0.793	0.807	0.82	High	Medium	Medium	1.02	0.47	1.62	0.94	2.20	1.35	84.85	5.08	97.40
1_5V1U	mixed_ali-delim-delim	108	1	2	2	92.1	0.86	0.796	0.809	0.82	High	Medium	Medium	1.04	0.47	1.65	0.96	2.27	1.40	84.85	5.08	97.40
1_5V1U	mixed_ali-delim-delim	108	3	4	3	92,	0.857	0.788	0.802	0.79	Medium	Medium	Medium	1.14	0.45	1.88	1.04	2.51	1.50	80.30	5.36	97.40
1_5V1U	mixed_ali-delim-delim	108	1	1	4	92.2	0.856	0.787	0.801	0.83	High	High	Medium	0.98	0.48	1.49	0.91	2.10	1.37	84.85	6.67	98.70
1_5V1U	mixed_ali-delim-delim	108	3	1	5	91.9	0.854	0.78	0.795	0.84	High	High	Medium	0.95	0.49	1.45	0.89	2.03	1.34	84.85	6.67	98.70
1_5V1U	mixed_ali-delim-delim	108	5	3	5	90.8	0.85	0.768	0.784	0.79	Medium	Medium	Medium	1.14	0.50	1.91	1.05	2.46	1.55	81.82	3.57	98.70
1_5V1U	mixed_ali-delim-delim	108	2	2	2	92.5	0.865	0.801	0.814	0.82	High	Medium	Medium	1.06	0.47	1.69	0.97	2.31	1.41	84.85	5.08	97.40
1_5V1U	mixed_ali-delim-delim	108	1	4	3	92.1	0.858	0.788	0.802	0.78	Medium	Medium	Medium	1.17	0.46	1.92	1.07	2.60	1.59	80.30	5.36	97.40
1_5V1U	mixed_ali-delim-delim	108	1	3	5	91.4	0.856	0.783	0.798	0.79	Medium	Medium	Medium	1.15	0.50	1.91	1.05	2.46	1.64	81.82	3.57	98.70
1_5V1U	mixed_ali-fl-fl	153	1	5	2	71.2	0.673	0.824	0.794	0.86	High	High	Medium	0.89	0.44	1.54	0.82	1.80	3.08	87.88	4.92	96.10
1_5V1U	mixed_ali-fl-fl	153	2	4	3	68.7	0.616	0.769	0.738	0.83	High	High	Medium	0.94	0.57	1.32	0.89	1.88	3.02	83.33	5.17	96.10
1_5V1U	mixed_ali-fl-fl	153	5	4	4	68.1	0.631	0.785	0.754	0.85	High	High	Medium	0.93	0.54	1.39	0.87	1.83	3.66	87.88	3.33	96.10
1_5V1U	mixed_ali-fl-fl	153	4	5	2	70.2	0.643	0.819	0.784	0.86	High	High	Medium	0.86	0.47	1.42	0.80	1.70	3.08	86.36	6.56	98.70
1_5V1U	mixed_ali-fl-fl	153	3	3	5	67.1	0.631	0.749	0.725	0.85	High	High	Medium	0.98	0.64	1.51	0.94	1.88	3.38	89.39	3.28	97.40
1_5V1U	mixed_ali-fl-fl	153	5	3	5	66,	0.626	0.743	0.720	0.84	High	Medium	Medium	1.03	0.65	1.60	0.98	1.97	3.45	89.39	4.84	98.70
1_5V1U	mixed_ali-fl-fl	153	3	5	1	70.6	0.649	0.823	0.788	0.85	High	High	Medium	0.87	0.45	1.44	0.80	1.73	3.15	83.33	6.78	96.10
1_5V1U	mixed_ali-fl-fl	153	2	2	2	70.2	0.673	0.81	0.783	0.88	High	High	Medium	0.84	0.51	1.39	0.79	1.62	2.54	90.91	4.76	97.40
1_5V1U	mixed_ali-fl-fl	153	2	5	1	70.4	0.637	0.823	0.786	0.86	High	High	Medium	0.82	0.46	1.28	0.77	1.62	3.10	84.85	5.08	98.70
1_5V1U	mixed_ali-fl-fl	153	2	1	5	67.4	0.604	0.716	0.694	0.80	High	Medium	Medium	1.08	0.70	1.50	1.04	2.15	2.08	80.30	10.17	96.10
1_5V1U	mixed_ali-fl-fl	153	4	3	4	68.7	0.659	0.774	0.751	0.86	High	High	Medium	0.90	0.54	1.48	0.85	1.75	2.97	89.39	3.28	100.00
1_5V1U	mixed_ali-fl-fl	153	1	3	5	68.5	0.654	0.761	0.740	0.83	High	Medium	Medium	1.03	0.58	1.71	0.96	2.03	3.47	87.88	6.45	100.00
1_5V1U	mixed_ali-fl-fl	153	1	4	3	69.2	0.649	0.8	0.770	0.85	High	High	Medium	0.93	0.51	1.50	0.86	1.83	3.38	87.88	6.45	97.40
1_5V1U	mixed_ali-fl-fl	153	2	3	4	66.9	0.612	0.728	0.705	0.83	High	Medium	Medium	1.05	0.72	1.48	1.01	1.96	3.71	86.36	5.00	97.40
1_5V1U	mixed_ali-fl-fl	153	3	1	4	68.2	0.615	0.76	0.731	0.85	High	High	Medium	0.90	0.61	1.30	0.87	1.71	2.83	86.36	6.56	97.40
1_5V1U	mixed_ali-fl-fl	153	5	2	1	70.8	0.681	0.832	0.802	0.88	High	High	Medium	0.80	0.46	1.35	0.75	1.58	2.42	90.91	7.69	97.40
1_5V1U	mixed_ali-fl-fl	153	3	4	3	69.3	0.633	0.786	0.755	0.86	High	High	Medium	0.87	0.52	1.30	0.82	1.69	3.23	87.88	6.45	97.40
1_5V1U	mixed_ali-fl-fl	153	5	5	2	70.5	0.662	0.828	0.795	0.86	High	High	Medium	0.90	0.43	1.57	0.83	1.83	3.19	87.88	6.45	96.10
1_5V1U	mixed_ali-fl-fl	153	5	1	3	69.2	0.631	0.802	0.768	0.86	High	High	Medium	0.82	0.54	1.19	0.79	1.58	2.63	84.85	5.08	97.40
1_5V1U	mixed_ali-fl-fl	153	4	4	5	68.8	0.63	0.781	0.751	0.86	High	High	Medium	0.90	0.53	1.32	0.84	1.76	3.46	87.88	4.92	97.40
1_5V1U	mixed_ali-fl-fl	153	4	1	3	68.3	0.629	0.786	0.755	0.86	High	High	Medium	0.91	0.56	1.41	0.86	1.76	2.97	87.88	7.94	100.00
1_5V1U	mixed_ali-fl-fl	153	1	1	4	67.7	0.628	0.777	0.747	0.86	High	High	Medium	0.93	0.59	1.44	0.88	1.79	2.94	89.39	7.81	100.00
1_5V1U	mixed_ali-fl-fl	153	3	2	2	69.4	0.659	0.817	0.785	0.88	High	High	Medium	0.85	0.49	1.44	0.80	1.68	2.70	90.91	7.69	97.40
1_5V1U	mixed_ali-fl-fl	153	1	2	1	70.4	0.681	0.837	0.806	0.89	High	High	Medium	0.80	0.47	1.33	0.75	1.58	2.49	90.91	7.69	97.40
1_5V1U	mixed_ali-fl-fl	153	4	2	1	69.7	0.658	0.818	0.786	0.87	High	High	Medium	0.86	0.49	1.46	0.81	1.70	2.70	89.39	7.81	97.40
1_5V1U	mixed_ali-delim-fl	153	5	1	4	68.1	0.621	0.775	0.744	0.85	High	High	Medium	0.92	0.58	1.41	0.87	1.77	2.96	87.88	7.94	98.70
1_5V1U	mixed_ali-delim-fl	153	1	5	1	70.4	0.659	0.825	0.792	0.81	High	Medium	Medium	1.07	0.53	1.61	0.98	2.17	4.23	83.33	5.17	97.40
1_5V1U	mixed_ali-delim-fl	153	5	3	5	67.1	0.642	0.758	0.735	0.84	High	Medium	Medium	1.01	0.59	1.64	0.95	1.97	3.39	89.39	6.35	98.70
1_5V1U	mixed_ali-delim-fl	153	4	1	3	67.5	0.622	0.779	0.748	0.76	Medium	Medium	Acceptable	1.26	0.63	1.71	1.16	2.62	4.82	78.79	5.45	100.00
1_5V1U	mixed_ali-delim-fl	153	4	5	1	70,	0.664	0.816	0.786	0.85	High	High	Medium	0.93	0.45	1.62	0.86	1.89	3.24	87.88	6.45	98.70
1_5V1U	mixed_ali-delim-fl	153	3	3	4	68.1	0.631	0.775	0.746	0.86	High	High	Medium	0.91	0.57	1.41	0.87	1.76	3.21	87.88	4.92	97.40
1_5V1U	mixed_ali-delim-fl	153	3	1	3	69,	0.632	0.807	0.772	0.78	Medium	Medium	Acceptable	1.15	0.58	1.47	1.05	2.37	4.57	78.79	3.70	97.40
1_5V1U	mixed_ali-delim-fl	153	2	5	2	69.6	0.642	0.809	0.776	0.86	High	High	Medium	0.91	0.48	1.52	0.84	1.81	3.24	87.88	7.94	98.70
1_5V1U	mixed_ali-delim-fl	153	1	2	2	69.9	0.671	0.816	0.787	0.88	High	High	Medium	0.82	0.47	1.40	0.77	1.62	2.52	89.39	7.81	98.70
1_5V1U	mixed_ali-delim-fl	153	4	2	2	69.2	0.662	0.814	0.784	0.88	High	High	Medium	0.84	0.50	1.40	0.79	1.64	2.65	90.91	6.25	97.40
1_5V1U	mixed_ali-delim-fl	153	1	3	5	67.2	0.631	0.75	0.726	0.85	High	High	Medium	0.99	0.60	1.58	0.93	1.91	3.32	89.39	6.35	98.70
1_5V1U	mixed_ali-delim-fl	153	2	3	5	66.7	0.628	0.749	0.725	0.84	High	High	Medium	0.98	0.61	1.55	0.93	1.88	3.25	87.88	6.45	98.70
1_5V1U	mixed_ali-delim-fl	153	2	2	1	69.5	0.661	0.818	0.787	0.87	High	High	Medium	0.86	0.48	1.47	0.80	1.71	2.67	90.91	4.76	97.40
1_5V1U	mixed_ali-delim-fl	153	5	5	1	70.2	0.653	0.817	0.784	0.86	High	High	Medium	0.90	0.46	1.53	0.83	1.80	3.17	87.88	7.94	96.10
1_5V1U	mixed_ali-delim-fl	153	3	2	1	70.5	0.647	0.828	0.792	0.83	High	High	Medium	0.98	0.55	1.26	0.91	1.99	3.58	83.33	3.51	98.70
1_5V1U	mixed_ali-delim-fl	153	1	1	3	68.8	0.632	0.798	0.765	0.80	High	Medium	Medium	1.13	0.59	1.60	1.04	2.31	4.28	83.33	5.17	100.00
1_5V1U	mixed_ali-delim-fl	153	2	4	4	68.7	0.627	0.779	0.749	0.85	High	High	Medium	0.95	0.54	1.42	0.89	1.88	3.79	87.88	4.92	97.40
1_5V1U	mixed_ali-delim-fl	153	2	1	3	69.3	0.627	0.794	0.761	0.86	High	High	Medium	0.87	0.53	1.35	0.82	1.69	2.85	87.88	6.45	96.10
1_5V1U	mixed_ali-delim-fl	153	3	5	2	70.5	0.638	0.828	0.790	0.78	Medium	Medium	Acceptable	1.14	0.55	1.46	1.04	2.36	4.82	77.27	5.56	98.70
1_5V1U	mixed_ali-delim-fl	153	4	4	4	68.4	0.629	0.776	0.747	0.85	High	High	Medium	0.92	0.55	1.37	0.86	1.78	3.46	87.88	3.33	98.70
1_5V1U	mixed_ali-delim-fl	153	3	4	5	68.9	0.618	0.769	0.739	0.82	High	High	Medium	0.99	0.54	1.37	0.93	2.06	2.76	81.82	5.26	97.40
1_5V1U	mixed_ali-delim-fl	153	1	4	4	69.4	0.632	0.784	0.754	0.86	High	High	Medium	0.88	0.51	1.35	0.82	1.72	3.30	87.88	3.33	98.70
1_5V1U	mixed_ali-delim-fl	153	5	4	3	69.4	0.636	0.793	0.762	0.86	High	High	Medium	0.88	0.51	1.34	0.82	1.73	3.31	87.88	3.33	96.10
1_5V1U	mixed_ali-delim-fl	153	4	3	5	66.2	0.631	0.744	0.721	0.84	High	Medium	Medium	1.03	0.65	1.62	0.98	1.97	3.34	87.88	6.45	98.70
1_5V1U	mixed_ali-delim-fl	153	5	2	2	69.4	0.652	0.816	0.783	0.87	High	High	Medium	0.86	0.49	1.45	0.81	1.69	2.71	89.39	6.35	97.40
1_5V1U	mixed_ali-delim-100	153	2	2	1	70.4	0.678	0.833	0.802	0.89	High	High	Medium	0.80	0.47	1.33	0.75	1.57	2.47	90.91	7.69	97.40
1_5V1U	mixed_ali-delim-100	153	5	3	5	67.6	0.647	0.752	0.731	0.84	High	Medium	Medium	1.01	0.59	1.65	0.94	1.96	3.39	89.39	6.35	100.00
1_5V1U	mixed_ali-delim-100	153	4	5	2	69.1	0.643	0.813	0.779	0.77	Medium	Medium	Acceptable	1.22	0.56	1.75	1.11	2.53	5.03	78.79	7.14	98.70
1_5V1U	mixed_ali-delim-100	153	1	1	3	69.9	0.635	0.814	0.778	0.78	Medium	Medium	Acceptable	1.15	0.59	1.48	1.06	2.41	4.41	78.79	3.70	97.40
1_5V1U	mixed_ali-delim-100	153	3	5	1	69.9	0.657	0.817	0.785	0.86	High	High	Medium	0.93	0.46	1.60	0.85	1.87	3.25	89.39	7.81	98.70
1_5V1U	mixed_ali-delim-100	153	2	5	2	70.3	0.662	0.824	0.792	0.86	High	High	Medium	0.90	0.44	1.55	0.83	1.82	3.16	87.88	6.45	97.40
1_5V1U	mixed_ali-delim-100	153	3	4	4	68.7	0.621	0.774	0.743	0.85	High	High	Medium	0.90	0.55	1.27	0.85	1.75	3.17	84.85	5.08	98.70
1_5V1U	mixed_ali-delim-100	153	5	1	4	67.6	0.628	0.78	0.750	0.86	High	High	Medium	0.90	0.56	1.41	0.85	1.72	2.78	89.39	7.81	100.00
1_5V1U	mixed_ali-delim-100	153	4	2	1	69,	0.656	0.825	0.791	0.80	Medium	Medium	Medium	1.11	0.57	1.53	1.03	2.30	4.21	81.82	5.26	98.70
1_5V1U	mixed_ali-delim-100	153	2	4	4	68.3	0.634	0.79	0.759	0.86	High	High	Medium	0.90	0.53	1.35	0.84	1.74	3.39	87.88	3.33	98.70
1_5V1U	mixed_ali-delim-100	153	2	3	5	67,	0.638	0.748	0.726	0.84	High	Medium	Medium	1.02	0.61	1.65	0.96	1.99	3.50	89.39	4.84	98.70
1_5V1U	mixed_ali-delim-100	153	5	5	1	69.8	0.662	0.816	0.785	0.86	High	High	Medium	0.90	0.46	1.54	0.83	1.80	3.14	87.88	6.45	98.70
1_5V1U	mixed_ali-delim-100	153	1	5	2	70.4	0.662	0.834	0.800	0.81	High	Medium	Medium	1.11	0.52	1.72	1.01	2.26	4.34	84.85	5.08	98.70
1_5V1U	mixed_ali-delim-100	153	4	4	4	67.9	0.617	0.764	0.735	0.84	High	High	Medium	0.97	0.56	1.41	0.91	1.91	3.77	86.36	5.00	97.40
1_5V1U	mixed_ali-delim-100	153	5	2	2	68.9	0.657	0.808	0.778	0.88	High	High	Medium	0.86	0.50	1.46	0.81	1.68	2.65	92.42	7.58	97.40
1_5V1U	mixed_ali-delim-100	153	3	2	2	68.5	0.644	0.808	0.775	0.87	High	High	Medium	0.82	0.51	1.30	0.79	1.60	2.68	87.88	6.45	97.40
1_5V1U	mixed_ali-delim-100	153	2	1	3	68.2	0.635	0.793	0.761	0.86	High	High	Medium	0.90	0.54	1.42	0.85	1.76	2.96	89.39	6.35	100.00
1_5V1U	mixed_ali-delim-100	153	3	3	5	66.6	0.626	0.757	0.731	0.85	High	High	Medium	0.96	0.61	1.50	0.92	1.84	3.24	89.39	4.84	97.40
1_5V1U	mixed_ali-delim-100	153	4	1	3	68.2	0.628	0.797	0.763	0.80	High	Medium	Medium	1.10	0.60	1.49	1.03	2.26	4.13	81.82	5.26	97.40
1_5V1U	mixed_ali-delim-100	153	1	3	5	67,	0.629	0.758	0.732	0.85	High	High	Medium	0.99	0.62	1.52	0.94	1.91	3.46	89.39	6.35	97.40
1_5V1U	mixed_ali-delim-100	153	1	2	1	69.8	0.66	0.835	0.800	0.88	High	High	Medium	0.85	0.47	1.44	0.79	1.68	2.71	92.42	6.15	97.40
1_5V1U	mixed_ali-delim-100	153	3	1	3	67.7	0.623	0.776	0.745	0.86	High	High	Medium	0.92	0.58	1.40	0.87	1.76	2.96	87.88	7.94	100.00
1_5V1U	mixed_ali-delim-100	153	1	4	4	69,	0.639	0.789	0.759	0.85	High	High	Medium	0.90	0.51	1.39	0.83	1.75	3.43	86.36	3.39	98.70
1_5V1U	mixed_ali-delim-100	153	5	4	3	69.2	0.647	0.8	0.769	0.85	High	High	Medium	0.90	0.49	1.40	0.84	1.78	3.49	86.36	6.56	98.70
1_5V1U	mixed_ali-delim-100	153	4	3	5	66,	0.613	0.719	0.698	0.82	High	Medium	Medium	1.09	0.74	1.57	1.06	2.06	3.82	86.36	5.00	97.40
1_5V1U	mixed_ali-delim-200	153	3	2	2	70.1	0.667	0.817	0.787	0.88	High	High	Medium	0.83	0.48	1.41	0.78	1.63	2.54	92.42	4.69	97.40
1_5V1U	mixed_ali-delim-200	153	2	4	3	69.1	0.617	0.766	0.736	0.84	High	High	Medium	0.92	0.56	1.30	0.87	1.82	3.01	83.33	5.17	96.10
1_5V1U	mixed_ali-delim-200	153	4	5	1	70.1	0.66	0.83	0.796	0.78	Medium	Medium	Medium	1.19	0.54	1.74	1.08	2.48	4.88	80.30	5.36	97.40
1_5V1U	mixed_ali-delim-200	153	4	4	3	69,	0.648	0.8	0.770	0.86	High	High	Medium	0.93	0.49	1.51	0.86	1.86	3.53	89.39	3.28	98.70
1_5V1U	mixed_ali-delim-200	153	2	5	1	70.7	0.644	0.827	0.790	0.86	High	High	Medium	0.84	0.45	1.37	0.78	1.67	3.07	84.85	5.08	96.10
1_5V1U	mixed_ali-delim-200	153	2	2	2	69,	0.647	0.817	0.783	0.87	High	High	Medium	0.80	0.50	1.26	0.76	1.55	2.54	87.88	4.92	97.40
1_5V1U	mixed_ali-delim-200	153	1	3	5	67.5	0.644	0.744	0.724	0.83	High	Medium	Medium	1.07	0.61	1.76	1.00	2.12	3.70	87.88	6.45	100.00
1_5V1U	mixed_ali-delim-200	153	1	1	4	67.2	0.628	0.769	0.741	0.85	High	High	Medium	0.97	0.60	1.51	0.92	1.87	3.02	89.39	7.81	100.00
1_5V1U	mixed_ali-delim-200	153	3	1	4	68.3	0.628	0.786	0.754	0.86	High	High	Medium	0.88	0.56	1.33	0.84	1.70	2.96	86.36	6.56	97.40
1_5V1U	mixed_ali-delim-200	153	3	3	5	66.8	0.634	0.754	0.730	0.84	High	Medium	Medium	1.01	0.61	1.58	0.95	1.95	3.56	87.88	6.45	98.70
1_5V1U	mixed_ali-delim-200	153	1	5	2	70.1	0.664	0.816	0.786	0.86	High	High	Medium	0.90	0.46	1.53	0.83	1.80	3.14	87.88	6.45	98.70
1_5V1U	mixed_ali-delim-200	153	3	5	1	70.6	0.66	0.831	0.797	0.86	High	High	Medium	0.87	0.44	1.47	0.80	1.74	3.10	87.88	6.45	96.10
1_5V1U	mixed_ali-delim-200	153	5	5	2	69.6	0.654	0.801	0.772	0.86	High	High	Medium	0.92	0.48	1.54	0.85	1.82	3.18	89.39	7.81	98.70
1_5V1U	mixed_ali-delim-200	153	4	2	2	69.5	0.673	0.82	0.791	0.86	High	High	Medium	0.94	0.47	1.67	0.87	1.90	3.01	92.42	3.17	97.40
1_5V1U	mixed_ali-delim-200	153	1	4	3	68.8	0.639	0.785	0.756	0.85	High	High	Medium	0.94	0.53	1.49	0.87	1.82	3.41	87.88	4.92	98.70
1_5V1U	mixed_ali-delim-200	153	5	4	3	68.6	0.645	0.791	0.762	0.84	High	High	Medium	0.97	0.51	1.57	0.90	1.94	3.69	86.36	3.39	98.70
1_5V1U	mixed_ali-delim-200	153	1	2	1	69.6	0.667	0.824	0.793	0.88	High	High	Medium	0.88	0.48	1.51	0.82	1.75	2.78	92.42	6.15	97.40
1_5V1U	mixed_ali-delim-200	153	2	1	4	68.4	0.605	0.748	0.719	0.84	High	High	Medium	0.93	0.64	1.23	0.90	1.78	2.71	83.33	6.78	96.10
1_5V1U	mixed_ali-delim-200	153	4	3	5	67.2	0.635	0.767	0.741	0.86	High	High	Medium	0.94	0.55	1.51	0.88	1.83	3.26	89.39	6.35	97.40
1_5V1U	mixed_ali-delim-200	153	5	3	5	65.3	0.622	0.731	0.709	0.84	High	Medium	Medium	1.02	0.66	1.57	0.97	1.95	3.35	89.39	6.35	98.70
1_5V1U	mixed_ali-delim-200	153	2	3	5	67.9	0.612	0.734	0.710	0.83	High	Medium	Medium	1.03	0.69	1.50	0.98	1.94	3.56	86.36	3.39	97.40
1_5V1U	mixed_ali-delim-200	153	5	1	4	67.6	0.624	0.781	0.750	0.76	Medium	Medium	Medium	1.27	0.62	1.81	1.17	2.66	4.77	80.30	5.36	100.00
1_5V1U	mixed_ali-delim-200	153	3	4	3	69,	0.634	0.786	0.756	0.86	High	High	Medium	0.88	0.52	1.31	0.83	1.72	3.36	87.88	3.33	98.70
1_5V1U	mixed_ali-delim-200	153	5	2	1	69.7	0.669	0.808	0.780	0.86	High	High	Medium	0.95	0.51	1.65	0.89	1.90	3.02	90.91	6.25	97.40
1_5V1U	mixed_ali-delim-200	153	4	1	4	68.3	0.638	0.797	0.765	0.86	High	High	Medium	0.87	0.53	1.34	0.82	1.71	2.95	87.88	6.45	100.00
1_5V1U	unpaired_ali-delim-delim	108	2	3	4	92.2	0.866	0.791	0.806	0.81	High	Medium	Medium	1.05	0.47	1.72	0.96	2.26	1.52	83.33	3.51	97.40
1_5V1U	unpaired_ali-delim-delim	108	1	1	4	92.4	0.86	0.786	0.801	0.84	High	High	Medium	0.93	0.49	1.41	0.87	1.98	1.33	84.85	6.67	98.70
1_5V1U	unpaired_ali-delim-delim	108	2	4	2	92.5	0.864	0.798	0.811	0.85	High	High	Medium	0.85	0.45	1.29	0.79	1.79	1.47	84.85	8.20	97.40
1_5V1U	unpaired_ali-delim-delim	108	2	2	3	92.4	0.864	0.797	0.810	0.82	High	Medium	Medium	1.01	0.46	1.60	0.94	2.21	1.37	84.85	5.08	97.40
1_5V1U	unpaired_ali-delim-delim	108	5	1	4	92,	0.855	0.781	0.796	0.83	High	High	Medium	0.96	0.48	1.46	0.90	2.08	1.37	84.85	6.67	97.40
1_5V1U	unpaired_ali-delim-delim	108	2	5	1	92.7	0.864	0.801	0.814	0.83	High	High	Medium	0.97	0.44	1.60	0.89	2.10	1.35	83.33	5.17	98.70
1_5V1U	unpaired_ali-delim-delim	108	4	2	2	92.3	0.863	0.798	0.811	0.82	High	Medium	Medium	1.06	0.47	1.69	0.98	2.31	1.40	84.85	5.08	97.40
1_5V1U	unpaired_ali-delim-delim	108	1	4	3	92.2	0.859	0.789	0.803	0.79	Medium	Medium	Medium	1.11	0.46	1.81	1.02	2.45	1.49	80.30	5.36	97.40
1_5V1U	unpaired_ali-delim-delim	108	5	3	5	91.4	0.857	0.778	0.794	0.80	Medium	Medium	Medium	1.12	0.48	1.87	1.03	2.42	1.59	81.82	3.57	98.70
1_5V1U	unpaired_ali-delim-delim	108	4	3	5	90.6	0.848	0.762	0.779	0.78	Medium	Medium	Medium	1.21	0.53	2.02	1.11	2.61	1.74	81.82	3.57	98.70
1_5V1U	unpaired_ali-delim-delim	108	4	4	3	91.8	0.854	0.78	0.795	0.77	Medium	Medium	Medium	1.24	0.46	2.08	1.13	2.75	1.68	80.30	5.36	97.40
1_5V1U	unpaired_ali-delim-delim	108	5	2	2	92.4	0.865	0.8	0.813	0.82	High	Medium	Medium	1.05	0.46	1.68	0.97	2.29	1.39	84.85	5.08	97.40
1_5V1U	unpaired_ali-delim-delim	108	4	1	4	91.7	0.851	0.777	0.792	0.82	High	Medium	Medium	1.03	0.50	1.57	0.96	2.23	1.50	83.33	5.17	98.70
1_5V1U	unpaired_ali-delim-delim	108	5	5	1	92.7	0.865	0.806	0.818	0.83	High	High	Medium	0.95	0.43	1.56	0.88	2.05	1.32	83.33	6.78	98.70
1_5V1U	unpaired_ali-delim-delim	108	3	5	1	92.8	0.864	0.804	0.816	0.83	High	High	Medium	0.97	0.44	1.60	0.89	2.09	1.27	83.33	6.78	98.70
1_5V1U	unpaired_ali-delim-delim	108	3	4	3	92.2	0.86	0.795	0.808	0.79	Medium	Medium	Medium	1.15	0.45	1.91	1.05	2.54	1.57	81.82	5.26	97.40
1_5V1U	unpaired_ali-delim-delim	108	5	4	3	92.1	0.858	0.791	0.804	0.78	Medium	Medium	Medium	1.16	0.45	1.91	1.06	2.57	1.57	80.30	5.36	96.10
1_5V1U	unpaired_ali-delim-delim	108	3	1	4	92.4	0.86	0.791	0.805	0.82	High	Medium	Medium	1.05	0.47	1.63	0.97	2.30	1.46	84.85	6.67	96.10
1_5V1U	unpaired_ali-delim-delim	108	1	3	5	91.5	0.857	0.777	0.793	0.79	Medium	Medium	Medium	1.14	0.51	1.88	1.04	2.45	1.59	81.82	3.57	98.70
1_5V1U	unpaired_ali-delim-delim	108	3	3	5	91.6	0.86	0.786	0.801	0.79	Medium	Medium	Medium	1.12	0.48	1.86	1.02	2.42	1.59	80.30	3.64	98.70
1_5V1U	unpaired_ali-delim-delim	108	3	2	2	92.4	0.863	0.8	0.813	0.82	High	Medium	Medium	1.03	0.46	1.64	0.95	2.24	1.37	84.85	5.08	97.40
1_5V1U	unpaired_ali-delim-delim	108	4	5	1	92.7	0.863	0.8	0.813	0.83	High	High	Medium	0.98	0.44	1.62	0.90	2.11	1.30	83.33	6.78	98.70
1_5V1U	unpaired_ali-delim-delim	108	1	5	1	92.9	0.865	0.806	0.818	0.83	High	High	Medium	0.97	0.44	1.58	0.89	2.07	1.25	84.85	8.20	98.70
1_5V1U	unpaired_ali-delim-delim	108	2	1	5	92.2	0.859	0.783	0.798	0.84	High	High	Medium	0.94	0.48	1.42	0.88	2.00	1.35	84.85	6.67	97.40
1_5V1U	unpaired_ali-delim-delim	108	1	2	2	92.4	0.863	0.796	0.809	0.82	High	Medium	Medium	1.06	0.47	1.68	0.98	2.31	1.42	84.85	5.08	97.40
1_5V1U	unpaired_ali-delim-fl	153	3	3	5	66.5	0.624	0.746	0.722	0.85	High	Medium	Medium	1.00	0.66	1.53	0.96	1.90	3.42	89.39	3.28	97.40
1_5V1U	unpaired_ali-delim-fl	153	4	2	2	70.9	0.679	0.815	0.788	0.88	High	High	Medium	0.82	0.49	1.40	0.78	1.62	2.43	90.91	6.25	98.70
1_5V1U	unpaired_ali-delim-fl	153	1	1	3	68.6	0.637	0.807	0.773	0.78	Medium	Medium	Medium	1.22	0.59	1.69	1.12	2.55	4.68	81.82	5.26	100.00
1_5V1U	unpaired_ali-delim-fl	153	1	2	2	69.9	0.669	0.82	0.790	0.87	High	High	Medium	0.89	0.48	1.54	0.83	1.77	2.78	90.91	6.25	97.40
1_5V1U	unpaired_ali-delim-fl	153	4	5	1	70.7	0.657	0.837	0.801	0.86	High	High	Medium	0.85	0.44	1.42	0.78	1.70	3.06	84.85	6.67	96.10
1_5V1U	unpaired_ali-delim-fl	153	5	1	4	68,	0.627	0.779	0.749	0.86	High	High	Medium	0.91	0.56	1.42	0.86	1.77	3.02	89.39	7.81	100.00
1_5V1U	unpaired_ali-delim-fl	153	2	2	2	69.5	0.65	0.826	0.791	0.88	High	High	Medium	0.82	0.48	1.35	0.78	1.61	2.68	89.39	4.84	97.40
1_5V1U	unpaired_ali-delim-fl	153	5	3	5	67.5	0.644	0.759	0.736	0.84	High	Medium	Medium	1.00	0.57	1.65	0.94	1.97	3.46	87.88	4.92	98.70
1_5V1U	unpaired_ali-delim-fl	153	3	1	4	68.5	0.618	0.775	0.744	0.80	Medium	Medium	Medium	1.08	0.63	1.34	1.02	2.23	3.37	80.30	5.36	97.40
1_5V1U	unpaired_ali-delim-fl	153	4	4	3	68.4	0.633	0.782	0.752	0.84	High	High	Medium	0.95	0.53	1.44	0.88	1.88	3.71	86.36	5.00	96.10
1_5V1U	unpaired_ali-delim-fl	153	5	2	1	69.5	0.661	0.835	0.800	0.82	High	Medium	Medium	1.07	0.55	1.63	0.98	2.17	3.98	86.36	5.00	98.70
1_5V1U	unpaired_ali-delim-fl	153	2	5	1	70,	0.644	0.836	0.798	0.78	Medium	Medium	Acceptable	1.17	0.54	1.63	1.06	2.43	4.84	78.79	3.70	97.40
1_5V1U	unpaired_ali-delim-fl	153	1	5	1	70.3	0.661	0.823	0.791	0.86	High	High	Medium	0.89	0.45	1.54	0.82	1.79	3.07	87.88	6.45	97.40
1_5V1U	unpaired_ali-delim-fl	153	2	3	5	66.8	0.612	0.74	0.714	0.82	High	Medium	Medium	1.05	0.68	1.57	1.00	1.99	3.62	84.85	5.08	97.40
1_5V1U	unpaired_ali-delim-fl	153	5	5	2	71.3	0.675	0.831	0.800	0.76	Medium	Medium	Acceptable	1.29	0.54	2.00	1.16	2.69	5.05	78.79	5.45	97.40
1_5V1U	unpaired_ali-delim-fl	153	3	2	2	69.2	0.666	0.804	0.776	0.88	High	High	Medium	0.85	0.52	1.43	0.81	1.65	2.51	90.91	6.25	97.40
1_5V1U	unpaired_ali-delim-fl	153	3	4	3	67.8	0.625	0.773	0.743	0.85	High	High	Medium	0.92	0.55	1.33	0.86	1.78	3.47	87.88	4.92	98.70
1_5V1U	unpaired_ali-delim-fl	153	4	1	5	68.1	0.619	0.764	0.735	0.86	High	High	Medium	0.89	0.60	1.25	0.85	1.68	2.74	86.36	6.56	97.40
1_5V1U	unpaired_ali-delim-fl	153	1	3	5	68,	0.651	0.762	0.740	0.84	High	Medium	Medium	1.01	0.59	1.65	0.95	1.98	3.42	89.39	6.35	100.00
1_5V1U	unpaired_ali-delim-fl	153	2	4	3	68,	0.623	0.777	0.746	0.85	High	High	Medium	0.94	0.54	1.39	0.88	1.84	3.70	87.88	4.92	96.10
1_5V1U	unpaired_ali-delim-fl	153	1	4	4	68.8	0.648	0.795	0.766	0.86	High	High	Medium	0.93	0.51	1.48	0.86	1.83	3.46	89.39	4.84	98.70
1_5V1U	unpaired_ali-delim-fl	153	4	3	4	67.6	0.64	0.769	0.743	0.85	High	High	Medium	0.94	0.57	1.48	0.89	1.81	3.20	87.88	4.92	98.70
1_5V1U	unpaired_ali-delim-fl	153	2	1	4	68.1	0.61	0.741	0.715	0.72	Medium	Medium	Acceptable	1.38	0.68	1.78	1.28	3.00	3.71	74.24	5.77	97.40
1_5V1U	unpaired_ali-delim-fl	153	3	5	1	69.2	0.648	0.813	0.780	0.78	Medium	Medium	Medium	1.17	0.55	1.73	1.06	2.40	4.71	80.30	7.02	98.70
1_5V1U	unpaired_ali-delim-fl	153	5	4	3	69.4	0.643	0.799	0.768	0.85	High	High	Medium	0.94	0.50	1.50	0.87	1.87	3.62	86.36	3.39	98.70
1_5V1U	single_pep-delim-delim	108	2	2	2	92.4	0.863	0.795	0.809	0.81	High	Medium	Medium	1.10	0.47	1.77	1.02	2.42	1.48	84.85	3.45	97.40
1_5V1U	single_pep-delim-delim	108	1	1	5	91.7	0.852	0.778	0.793	0.84	High	High	Medium	0.95	0.49	1.45	0.89	2.01	1.33	84.85	6.67	96.10
1_5V1U	single_pep-delim-delim	108	5	5	1	92.8	0.864	0.806	0.818	0.83	High	High	Medium	0.95	0.44	1.54	0.88	2.04	1.24	83.33	8.33	98.70
1_5V1U	single_pep-delim-delim	108	1	5	1	92.8	0.864	0.802	0.814	0.84	High	High	Medium	0.94	0.45	1.54	0.87	2.00	1.22	84.85	8.20	98.70
1_5V1U	single_pep-delim-delim	108	2	1	3	92.3	0.86	0.789	0.803	0.86	High	High	Medium	0.88	0.48	1.32	0.82	1.84	1.31	87.88	6.45	96.10
1_5V1U	single_pep-delim-delim	108	5	3	5	91.8	0.86	0.786	0.801	0.79	Medium	Medium	Medium	1.12	0.49	1.86	1.03	2.42	1.62	80.30	3.64	97.40
1_5V1U	single_pep-delim-delim	108	3	2	2	92.2	0.861	0.792	0.806	0.81	High	Medium	Medium	1.09	0.47	1.73	1.00	2.39	1.46	84.85	3.45	97.40
1_5V1U	single_pep-delim-delim	108	5	1	4	92.5	0.86	0.792	0.806	0.81	High	Medium	Medium	1.07	0.47	1.69	0.98	2.34	1.44	83.33	5.17	97.40
1_5V1U	single_pep-delim-delim	108	4	3	5	91.1	0.854	0.773	0.789	0.80	Medium	Medium	Medium	1.11	0.50	1.84	1.02	2.38	1.50	81.82	3.57	97.40
1_5V1U	single_pep-delim-delim	108	4	4	4	91.8	0.855	0.787	0.801	0.78	Medium	Medium	Medium	1.21	0.46	2.02	1.10	2.67	1.77	81.82	5.26	97.40
1_5V1U	single_pep-delim-delim	108	2	4	4	92.1	0.857	0.788	0.802	0.79	Medium	Medium	Medium	1.13	0.46	1.86	1.03	2.48	1.53	80.30	5.36	97.40
1_5V1U	single_pep-delim-delim	108	5	4	3	92.3	0.86	0.799	0.811	0.76	Medium	Medium	Medium	1.27	0.45	2.16	1.16	2.84	2.01	80.30	5.36	97.40
1_5V1U	single_pep-delim-delim	108	1	4	3	91.9	0.855	0.786	0.800	0.78	Medium	Medium	Medium	1.17	0.47	1.94	1.07	2.56	1.75	80.30	5.36	97.40
1_5V1U	single_pep-delim-delim	108	4	2	2	92.5	0.864	0.802	0.814	0.81	High	Medium	Medium	1.08	0.47	1.72	0.99	2.36	1.45	84.85	3.45	97.40
1_5V1U	single_pep-delim-delim	108	4	1	3	92.4	0.86	0.793	0.806	0.82	High	Medium	Medium	1.03	0.47	1.61	0.95	2.23	1.38	84.85	5.08	97.40
1_5V1U	single_pep-delim-delim	108	3	3	4	91.7	0.859	0.784	0.799	0.79	Medium	Medium	Medium	1.13	0.48	1.88	1.03	2.44	1.52	80.30	3.64	98.70
1_5V1U	single_pep-delim-delim	108	1	2	2	92.3	0.862	0.793	0.807	0.81	High	Medium	Medium	1.09	0.47	1.74	1.00	2.37	1.44	84.85	3.45	97.40
1_5V1U	single_pep-delim-delim	108	2	5	1	92.8	0.864	0.804	0.816	0.82	High	High	Medium	0.99	0.45	1.61	0.91	2.13	1.28	83.33	8.33	98.70
1_5V1U	single_pep-delim-delim	108	5	2	2	92.5	0.865	0.801	0.814	0.82	High	Medium	Medium	1.06	0.47	1.68	0.97	2.31	1.42	84.85	5.08	97.40
1_5V1U	single_pep-delim-delim	108	3	5	1	92.8	0.865	0.807	0.819	0.83	High	High	Medium	0.95	0.44	1.55	0.87	2.04	1.21	83.33	8.33	98.70
1_5V1U	single_pep-delim-delim	108	1	3	4	91.5	0.856	0.779	0.794	0.79	Medium	Medium	Medium	1.11	0.49	1.85	1.02	2.38	1.64	80.30	3.64	98.70
1_5V1U	single_pep-delim-delim	108	3	1	3	92.2	0.857	0.787	0.801	0.79	Medium	Medium	Medium	1.12	0.47	1.79	1.03	2.48	1.53	81.82	5.26	96.10
1_5V1U	single_pep-delim-delim	108	2	3	5	91.3	0.856	0.776	0.792	0.78	Medium	Medium	Medium	1.16	0.51	1.94	1.06	2.50	1.60	80.30	3.64	97.40
1_5V1U	single_pep-delim-delim	108	4	5	1	92.8	0.864	0.805	0.817	0.84	High	High	Medium	0.95	0.45	1.54	0.87	2.03	1.22	84.85	8.20	98.70
1_5V1U	single_pep-delim-delim	108	3	4	5	91.8	0.854	0.785	0.799	0.77	Medium	Medium	Medium	1.28	0.46	2.16	1.16	2.83	1.93	81.82	5.26	97.40
1_5V1U	single_pep-delim-100	153	3	1	5	66.8	0.589	0.69	0.670	0.75	Medium	Medium	Acceptable	1.29	0.78	1.85	1.24	2.65	2.39	75.76	7.41	93.51
1_5V1U	single_pep-delim-100	153	5	3	4	68.3	0.602	0.735	0.708	0.77	Medium	Medium	Acceptable	1.19	0.76	1.58	1.14	2.38	3.97	77.27	5.56	96.10
1_5V1U	single_pep-delim-100	153	4	5	1	69.7	0.638	0.815	0.780	0.76	Medium	Medium	Acceptable	1.19	0.58	1.43	1.09	2.52	4.51	74.24	5.77	97.40
1_5V1U	single_pep-delim-100	153	5	1	5	66,	0.589	0.676	0.659	0.73	Medium	Medium	Acceptable	1.37	0.84	1.92	1.32	2.82	2.90	75.76	9.09	96.10
1_5V1U	single_pep-delim-100	153	5	4	3	67.2	0.606	0.739	0.712	0.76	Medium	Medium	Acceptable	1.23	0.64	1.85	1.14	2.58	2.35	77.27	7.27	97.40
1_5V1U	single_pep-delim-100	153	2	5	1	69.7	0.635	0.811	0.776	0.74	Medium	Medium	Acceptable	1.25	0.58	1.63	1.14	2.66	4.88	72.73	7.69	96.10
1_5V1U	single_pep-delim-100	153	2	4	3	66.8	0.608	0.745	0.718	0.73	Medium	Medium	Acceptable	1.33	0.67	1.80	1.23	2.82	3.52	72.73	12.73	97.40
1_5V1U	single_pep-delim-100	153	1	5	1	69.7	0.636	0.806	0.772	0.84	High	High	Medium	0.86	0.50	1.26	0.81	1.74	2.51	81.82	5.26	97.40
1_5V1U	single_pep-delim-100	153	4	1	5	66.8	0.598	0.704	0.683	0.76	Medium	Medium	Acceptable	1.29	0.80	1.82	1.24	2.65	2.59	78.79	7.14	96.10
1_5V1U	single_pep-delim-100	153	1	4	3	67.2	0.61	0.749	0.721	0.79	Medium	Medium	Medium	1.13	0.61	1.63	1.05	2.36	2.43	80.30	10.17	97.40
1_5V1U	single_pep-delim-100	153	4	3	4	68.5	0.61	0.748	0.720	0.79	Medium	Medium	Acceptable	1.12	0.70	1.52	1.07	2.26	3.44	78.79	5.45	97.40
1_5V1U	single_pep-delim-100	153	4	2	2	68.9	0.624	0.78	0.749	0.83	High	High	Medium	0.98	0.58	1.45	0.93	1.96	2.79	83.33	6.78	97.40
1_5V1U	single_pep-delim-100	153	1	3	4	69.1	0.609	0.747	0.719	0.81	High	Medium	Medium	1.07	0.69	1.49	1.03	2.14	3.13	81.82	5.26	96.10
1_5V1U	single_pep-delim-100	153	5	2	2	69.1	0.628	0.786	0.754	0.76	Medium	Medium	Acceptable	1.21	0.64	1.53	1.12	2.54	4.15	75.76	7.41	98.70
1_5V1U	single_pep-delim-100	153	5	5	1	69.4	0.636	0.811	0.776	0.74	Medium	Medium	Acceptable	1.25	0.58	1.71	1.15	2.65	4.85	71.21	7.84	96.10
1_5V1U	single_pep-delim-100	153	2	1	5	67.9	0.608	0.715	0.694	0.69	Medium	Medium	Acceptable	1.52	0.73	2.01	1.40	3.29	3.78	71.21	9.62	97.40
1_5V1U	single_pep-delim-100	153	1	2	2	68.7	0.626	0.788	0.756	0.85	High	High	Medium	0.90	0.57	1.30	0.86	1.79	2.63	84.85	6.67	96.10
1_5V1U	single_pep-delim-100	153	2	3	4	69.1	0.606	0.739	0.712	0.80	Medium	Medium	Medium	1.10	0.73	1.44	1.06	2.18	3.50	80.30	5.36	96.10
1_5V1U	single_pep-delim-100	153	3	5	1	69.7	0.637	0.807	0.773	0.76	Medium	Medium	Acceptable	1.18	0.58	1.43	1.08	2.51	4.47	74.24	5.77	97.40
1_5V1U	single_pep-delim-100	153	1	1	5	67.5	0.609	0.712	0.691	0.69	Medium	Medium	Acceptable	1.51	0.73	1.98	1.40	3.30	3.70	71.21	7.84	94.81
1_5V1U	single_pep-delim-100	153	2	2	2	68.6	0.622	0.78	0.748	0.85	High	High	Medium	0.91	0.57	1.37	0.87	1.77	3.12	86.36	5.00	96.10
1_5V1U	single_pep-delim-100	153	3	3	4	67.8	0.604	0.716	0.694	0.79	Medium	Medium	Medium	1.13	0.80	1.50	1.10	2.15	3.57	80.30	5.36	97.40
1_5V1U	single_pep-delim-100	153	4	4	3	67.6	0.611	0.763	0.733	0.78	Medium	Medium	Acceptable	1.16	0.60	1.62	1.08	2.47	3.12	78.79	10.34	97.40
1_5V1U	single_pep-delim-100	153	3	2	2	68.2	0.618	0.774	0.743	0.86	High	High	Medium	0.89	0.58	1.28	0.86	1.73	2.94	89.39	4.84	97.40
1_5V1U	single_pep-delim-100	153	3	4	3	67.8	0.607	0.747	0.719	0.78	Medium	Medium	Acceptable	1.15	0.61	1.69	1.07	2.41	2.57	78.79	7.14	97.40
1_5V1U	single_pep-delim-200	153	1	4	3	67.5	0.608	0.748	0.720	0.78	Medium	Medium	Acceptable	1.14	0.63	1.59	1.07	2.37	2.84	78.79	10.34	97.40
1_5V1U	single_pep-delim-200	153	3	3	4	68.4	0.608	0.733	0.708	0.71	Medium	Medium	Acceptable	1.43	0.75	1.80	1.33	3.04	4.62	72.73	5.88	97.40
1_5V1U	single_pep-delim-200	153	4	3	5	68.6	0.603	0.723	0.699	0.80	High	Medium	Medium	1.10	0.75	1.50	1.07	2.14	3.11	81.82	5.26	97.40
1_5V1U	single_pep-delim-200	153	1	2	2	69.3	0.636	0.788	0.758	0.73	Medium	Medium	Acceptable	1.37	0.64	1.71	1.26	2.95	5.11	74.24	7.55	96.10
1_5V1U	single_pep-delim-200	153	5	2	2	68.6	0.625	0.786	0.754	0.86	High	High	Medium	0.88	0.56	1.30	0.84	1.73	3.06	87.88	4.92	97.40
1_5V1U	single_pep-delim-200	153	2	5	1	69.2	0.632	0.799	0.766	0.75	Medium	Medium	Acceptable	1.23	0.60	1.51	1.13	2.60	4.83	74.24	5.77	97.40
1_5V1U	single_pep-delim-200	153	5	4	3	67.6	0.608	0.751	0.722	0.79	Medium	Medium	Medium	1.15	0.60	1.68	1.07	2.41	2.53	80.30	7.02	97.40
1_5V1U	single_pep-delim-200	153	1	3	4	68.9	0.607	0.74	0.713	0.72	Medium	Medium	Acceptable	1.43	0.74	1.79	1.32	3.03	4.74	74.24	5.77	97.40
1_5V1U	single_pep-delim-200	153	3	1	5	67.1	0.597	0.693	0.674	0.67	Medium	Medium	Acceptable	1.57	0.82	2.04	1.48	3.38	4.33	68.18	10.00	96.10
1_5V1U	single_pep-delim-200	153	3	2	2	69,	0.633	0.784	0.754	0.74	Medium	Medium	Acceptable	1.35	0.65	1.68	1.24	2.89	5.01	75.76	7.41	96.10
1_5V1U	single_pep-delim-200	153	2	2	2	68,	0.624	0.754	0.728	0.82	High	Medium	Medium	1.05	0.62	1.53	1.00	2.12	3.11	83.33	6.78	97.40
1_5V1U	single_pep-delim-200	153	5	5	1	69.8	0.637	0.808	0.774	0.75	Medium	Medium	Acceptable	1.22	0.58	1.49	1.12	2.62	4.55	74.24	5.77	97.40
1_5V1U	single_pep-delim-200	153	5	1	4	68.6	0.616	0.736	0.712	0.69	Medium	Medium	Acceptable	1.48	0.70	1.91	1.37	3.24	3.75	69.70	8.00	96.10
1_5V1U	single_pep-delim-200	153	4	2	2	68.8	0.626	0.765	0.737	0.82	High	Medium	Medium	1.01	0.60	1.49	0.96	2.06	2.61	81.82	6.90	97.40
1_5V1U	single_pep-delim-200	153	4	1	4	68.5	0.615	0.724	0.702	0.68	Medium	Medium	Acceptable	1.56	0.72	2.08	1.44	3.42	4.02	69.70	8.00	96.10
1_5V1U	single_pep-delim-200	153	2	4	4	67.1	0.601	0.733	0.707	0.79	Medium	Medium	Acceptable	1.08	0.67	1.49	1.02	2.17	2.72	78.79	11.86	97.40
1_5V1U	single_pep-delim-200	153	4	4	3	67.7	0.613	0.751	0.723	0.74	Medium	Medium	Acceptable	1.32	0.67	1.72	1.22	2.79	3.86	74.24	9.26	97.40
1_5V1U	single_pep-delim-200	153	3	4	3	67.4	0.612	0.753	0.725	0.73	Medium	Medium	Acceptable	1.32	0.66	1.77	1.22	2.81	3.61	72.73	9.43	97.40
1_5V1U	single_pep-delim-200	153	1	5	1	70,	0.638	0.809	0.775	0.75	Medium	Medium	Acceptable	1.22	0.58	1.53	1.12	2.59	4.50	74.24	7.55	97.40
1_5V1U	single_pep-delim-200	153	4	5	1	69.5	0.634	0.805	0.771	0.75	Medium	Medium	Acceptable	1.23	0.59	1.56	1.13	2.63	4.53	74.24	7.55	97.40
1_5V1U	single_pep-delim-200	153	1	1	5	68.3	0.61	0.721	0.699	0.68	Medium	Medium	Acceptable	1.48	0.72	1.92	1.37	3.20	4.29	66.67	10.20	93.51
1_5V1U	single_pep-delim-200	153	5	3	5	70.2	0.656	0.681	0.676	0.71	Medium	Medium	Acceptable	1.58	1.04	2.17	1.51	3.03	5.42	75.76	10.71	100.00
1_5V1U	single_pep-delim-200	153	3	5	1	68.7	0.631	0.788	0.757	0.73	Medium	Medium	Acceptable	1.30	0.61	1.68	1.19	2.77	4.88	72.73	7.69	96.10
1_5V1U	single_pep-delim-200	153	2	3	3	69.7	0.606	0.745	0.717	0.73	Medium	Medium	Acceptable	1.37	0.73	1.67	1.27	2.87	4.96	74.24	3.92	97.40
1_5V1U	single_pep-delim-200	153	2	1	5	67.5	0.601	0.697	0.678	0.69	Medium	Medium	Acceptable	1.55	0.78	2.00	1.44	3.36	3.82	72.73	7.69	94.81
2_6G04	mixed_ali-delim-delim	172	4	4	3	92.5	0.876	0.904	0.898	0.70	Medium	Medium	Acceptable	1.10	4.45	1.06	4.24	2.03	5.31	50.46	5.17	75.42
2_6G04	mixed_ali-delim-delim	172	2	5	5	87.7	0.823	0.829	0.828	0.69	Medium	Medium	Acceptable	1.18	4.33	1.11	4.13	2.18	5.64	50.46	5.17	70.34
2_6G04	mixed_ali-delim-delim	172	2	1	2	92.7	0.874	0.911	0.904	0.70	Medium	Medium	Medium	1.10	4.26	1.04	4.06	1.89	4.98	50.46	5.17	75.42
2_6G04	mixed_ali-delim-delim	172	3	3	4	91.7	0.87	0.892	0.888	0.69	Medium	Medium	Acceptable	1.11	4.48	1.06	4.26	1.98	5.40	48.62	7.02	72.88
2_6G04	mixed_ali-delim-delim	172	3	2	1	93.1	0.882	0.922	0.914	0.71	Medium	Medium	Medium	1.07	4.48	0.99	4.26	1.87	5.25	51.38	5.08	73.73
2_6G04	mixed_ali-delim-delim	172	1	4	3	92.7	0.878	0.911	0.904	0.70	Medium	Medium	Acceptable	1.10	4.56	1.06	4.34	2.05	5.41	49.54	5.26	74.58
2_6G04	mixed_ali-delim-delim	172	1	3	4	91.3	0.866	0.893	0.888	0.69	Medium	Medium	Acceptable	1.11	4.64	1.08	4.41	2.05	5.58	48.62	7.02	72.88
2_6G04	mixed_ali-delim-delim	172	3	5	5	88.9	0.838	0.848	0.846	0.69	Medium	Medium	Acceptable	1.17	4.36	1.11	4.16	2.23	5.77	50.46	6.78	70.34
2_6G04	mixed_ali-delim-delim	172	5	1	1	93.5	0.882	0.917	0.910	0.70	Medium	Medium	Medium	1.11	4.28	1.05	4.07	1.94	5.11	50.46	6.78	75.42
2_6G04	mixed_ali-delim-delim	172	3	4	3	92.7	0.878	0.906	0.900	0.70	Medium	Medium	Medium	1.09	4.46	1.03	4.24	1.99	5.24	50.46	5.17	74.58
2_6G04	mixed_ali-delim-delim	172	2	2	1	92.3	0.872	0.915	0.906	0.71	Medium	Medium	Medium	1.08	4.52	1.00	4.29	1.86	5.30	51.38	5.08	74.58
2_6G04	mixed_ali-delim-delim	172	5	2	2	92.5	0.874	0.915	0.907	0.70	Medium	Medium	Medium	1.09	4.53	1.02	4.30	1.90	5.37	50.46	5.17	73.73
2_6G04	mixed_ali-delim-delim	172	2	4	3	92.8	0.879	0.909	0.903	0.70	Medium	Medium	Medium	1.08	4.51	1.03	4.29	1.94	5.21	50.46	5.17	75.42
2_6G04	mixed_ali-delim-delim	172	2	3	4	88.7	0.841	0.856	0.853	0.68	Medium	Medium	Acceptable	1.15	4.52	1.08	4.30	1.94	5.38	45.87	5.66	73.73
2_6G04	mixed_ali-delim-delim	172	4	2	2	92.5	0.876	0.917	0.909	0.71	Medium	Medium	Medium	1.08	4.57	1.01	4.34	1.91	5.38	51.38	5.08	73.73
2_6G04	mixed_ali-delim-delim	172	3	1	2	93.4	0.883	0.915	0.909	0.70	Medium	Medium	Medium	1.10	4.28	1.04	4.07	1.91	5.03	50.46	5.17	75.42
2_6G04	mixed_ali-delim-delim	172	5	3	5	88.5	0.838	0.839	0.839	0.68	Medium	Medium	Acceptable	1.18	4.47	1.09	4.25	2.02	5.44	46.79	5.56	70.34
2_6G04	mixed_ali-delim-delim	172	1	1	1	93.8	0.887	0.922	0.915	0.70	Medium	Medium	Medium	1.10	4.30	1.06	4.09	1.97	5.14	50.46	5.17	75.42
2_6G04	mixed_ali-delim-delim	172	4	3	4	88,	0.836	0.842	0.841	0.69	Medium	Medium	Acceptable	1.16	4.61	1.08	4.38	2.00	5.53	48.62	5.36	71.19
2_6G04	mixed_ali-delim-delim	172	1	2	2	93,	0.879	0.921	0.913	0.71	Medium	Medium	Medium	1.08	4.51	1.02	4.29	1.92	5.35	51.38	5.08	74.58
2_6G04	mixed_ali-delim-delim	172	5	5	4	88.7	0.834	0.844	0.842	0.69	Medium	Medium	Acceptable	1.18	4.50	1.11	4.29	2.25	5.87	51.38	5.08	70.34
2_6G04	mixed_ali-delim-delim	172	5	4	3	92.6	0.876	0.903	0.898	0.70	Medium	Medium	Medium	1.10	4.45	1.05	4.24	1.98	5.26	50.46	5.17	75.42
2_6G04	mixed_ali-delim-delim	172	1	5	5	89.2	0.84	0.856	0.853	0.69	Medium	Medium	Acceptable	1.14	4.44	1.11	4.24	2.19	5.73	49.54	6.90	70.34
2_6G04	mixed_ali-delim-delim	172	4	1	1	93.6	0.885	0.917	0.911	0.70	Medium	Medium	Medium	1.10	4.31	1.04	4.10	1.92	5.05	50.46	5.17	74.58
2_6G04	mixed_ali-delim-delim	172	4	5	5	88.3	0.831	0.838	0.837	0.68	Medium	Medium	Acceptable	1.19	4.40	1.13	4.20	2.30	5.88	49.54	6.90	69.49
2_6G04	mixed_ali-fl-fl	324	1	1	5	74.6	0.704	0.696	0.698	0.67	Medium	Medium	Acceptable	1.18	7.45	1.03	7.08	3.07	8.18	50.46	3.51	75.42
2_6G04	mixed_ali-fl-fl	324	1	3	3	75.3	0.717	0.696	0.700	0.65	Medium	Medium	Acceptable	1.18	7.50	1.03	7.13	3.18	8.31	46.79	5.56	74.58
2_6G04	mixed_ali-fl-fl	324	5	4	2	73,	0.709	0.693	0.696	0.66	Medium	Medium	Acceptable	1.18	7.50	1.02	7.12	3.12	8.23	48.62	7.02	72.88
2_6G04	mixed_ali-fl-fl	324	2	2	3	74.5	0.712	0.696	0.699	0.65	Medium	Medium	Acceptable	1.20	7.47	1.02	7.09	3.05	8.20	46.79	7.27	75.42
2_6G04	mixed_ali-fl-fl	324	5	3	3	74.9	0.713	0.692	0.696	0.66	Medium	Medium	Acceptable	1.18	7.49	1.04	7.11	3.18	8.29	49.54	6.90	73.73
2_6G04	mixed_ali-fl-fl	324	5	1	4	74.2	0.713	0.688	0.693	0.68	Medium	Medium	Acceptable	1.17	7.44	1.02	7.06	3.05	8.14	52.29	3.39	72.88
2_6G04	mixed_ali-fl-fl	324	3	1	5	74.3	0.701	0.689	0.691	0.67	Medium	Medium	Acceptable	1.19	7.45	1.04	7.07	3.08	8.17	50.46	6.78	75.42
2_6G04	mixed_ali-fl-fl	324	4	4	1	73.5	0.713	0.7	0.703	0.67	Medium	Medium	Acceptable	1.16	7.47	0.99	7.09	3.05	8.17	49.54	6.90	74.58
2_6G04	mixed_ali-fl-fl	324	4	2	2	74.7	0.713	0.694	0.698	0.66	Medium	Medium	Acceptable	1.21	7.47	1.00	7.09	3.01	8.18	49.54	6.90	75.42
2_6G04	mixed_ali-fl-fl	324	3	2	2	74.9	0.713	0.692	0.696	0.66	Medium	Medium	Acceptable	1.20	7.46	1.01	7.08	3.00	8.18	46.79	7.27	76.27
2_6G04	mixed_ali-fl-fl	324	3	5	3	73.1	0.712	0.689	0.694	0.66	Medium	Medium	Acceptable	1.17	7.45	1.05	7.07	3.10	8.23	47.71	7.14	71.19
2_6G04	mixed_ali-fl-fl	324	4	5	4	73.2	0.711	0.69	0.694	0.67	Medium	Medium	Acceptable	1.17	7.45	1.03	7.08	3.07	8.21	49.54	8.47	71.19
2_6G04	mixed_ali-fl-fl	324	1	4	1	73.5	0.712	0.702	0.704	0.66	Medium	Medium	Acceptable	1.17	7.49	1.00	7.11	3.10	8.21	48.62	7.02	73.73
2_6G04	mixed_ali-fl-fl	324	2	4	1	73.2	0.71	0.698	0.700	0.67	Medium	Medium	Acceptable	1.18	7.49	1.02	7.11	3.13	8.22	50.46	6.78	75.42
2_6G04	mixed_ali-fl-fl	324	5	5	5	73,	0.706	0.688	0.692	0.67	Medium	Medium	Acceptable	1.18	7.46	1.05	7.09	3.11	8.25	49.54	6.90	74.58
2_6G04	mixed_ali-fl-fl	324	1	2	2	74.4	0.714	0.7	0.703	0.66	Medium	Medium	Acceptable	1.19	7.48	1.01	7.10	3.02	8.21	48.62	7.02	75.42
2_6G04	mixed_ali-fl-fl	324	2	1	5	74.1	0.714	0.69	0.695	0.67	Medium	Medium	Acceptable	1.18	7.44	1.02	7.06	3.07	8.14	52.29	5.00	74.58
2_6G04	mixed_ali-fl-fl	324	2	3	4	75.1	0.716	0.694	0.698	0.66	Medium	Medium	Acceptable	1.19	7.49	1.05	7.12	3.19	8.30	47.71	7.14	73.73
2_6G04	mixed_ali-fl-fl	324	4	1	5	74.4	0.713	0.689	0.694	0.68	Medium	Medium	Acceptable	1.17	7.44	1.02	7.06	3.07	8.15	52.29	5.00	74.58
2_6G04	mixed_ali-fl-fl	324	4	3	3	75,	0.715	0.693	0.697	0.66	Medium	Medium	Acceptable	1.18	7.48	1.04	7.11	3.18	8.28	48.62	10.17	74.58
2_6G04	mixed_ali-fl-fl	324	5	2	1	75,	0.711	0.695	0.698	0.66	Medium	Medium	Acceptable	1.19	7.47	1.01	7.09	3.02	8.19	48.62	7.02	74.58
2_6G04	mixed_ali-fl-fl	324	3	4	1	73.2	0.71	0.694	0.697	0.66	Medium	Medium	Acceptable	1.18	7.47	1.03	7.10	3.11	8.21	47.71	7.14	74.58
2_6G04	mixed_ali-fl-fl	324	3	3	4	75.2	0.713	0.688	0.693	0.66	Medium	Medium	Acceptable	1.19	7.48	1.05	7.11	3.18	8.29	49.54	6.90	73.73
2_6G04	mixed_ali-fl-fl	324	1	5	4	73.5	0.711	0.695	0.698	0.67	Medium	Medium	Acceptable	1.16	7.46	1.03	7.09	3.08	8.23	49.54	8.47	73.73
2_6G04	mixed_ali-fl-fl	324	2	5	2	73.7	0.715	0.696	0.700	0.67	Medium	Medium	Acceptable	1.17	7.45	1.04	7.08	3.10	8.22	50.46	8.33	74.58
2_6G04	mixed_ali-delim-fl	271	1	4	4	79.3	0.78	0.811	0.805	0.66	Medium	Medium	Acceptable	1.20	7.48	1.02	7.10	3.13	8.19	47.71	5.45	72.88
2_6G04	mixed_ali-delim-fl	271	2	4	5	79.4	0.778	0.808	0.802	0.65	Medium	Medium	Acceptable	1.21	7.47	1.03	7.09	3.17	8.20	47.71	5.45	72.88
2_6G04	mixed_ali-delim-fl	271	3	5	2	79.7	0.783	0.818	0.811	0.66	Medium	Medium	Acceptable	1.20	7.44	1.06	7.07	3.14	8.21	48.62	7.02	73.73
2_6G04	mixed_ali-delim-fl	271	5	5	4	79.7	0.772	0.82	0.810	0.66	Medium	Medium	Acceptable	1.21	7.43	1.07	7.06	3.14	8.22	50.46	12.70	74.58
2_6G04	mixed_ali-delim-fl	271	4	5	3	80.1	0.775	0.825	0.815	0.66	Medium	Medium	Acceptable	1.21	7.44	1.10	7.07	3.15	8.25	50.46	14.06	74.58
2_6G04	mixed_ali-delim-fl	271	1	1	3	79.4	0.773	0.831	0.819	0.67	Medium	Medium	Acceptable	1.18	7.45	1.03	7.08	3.09	8.16	50.46	5.17	73.73
2_6G04	mixed_ali-delim-fl	271	5	4	2	79.7	0.784	0.822	0.814	0.65	Medium	Medium	Acceptable	1.20	7.47	1.02	7.09	3.16	8.19	45.87	5.66	73.73
2_6G04	mixed_ali-delim-fl	271	2	5	2	80.7	0.779	0.829	0.819	0.66	Medium	Medium	Acceptable	1.21	7.44	1.09	7.07	3.15	8.26	48.62	11.67	75.42
2_6G04	mixed_ali-delim-fl	271	5	2	3	81.1	0.782	0.821	0.813	0.65	Medium	Medium	Acceptable	1.22	7.45	1.03	7.07	3.07	8.17	45.87	7.41	73.73
2_6G04	mixed_ali-delim-fl	271	4	4	5	79.2	0.777	0.804	0.799	0.65	Medium	Medium	Acceptable	1.21	7.49	1.03	7.11	3.16	8.22	46.79	5.56	73.73
2_6G04	mixed_ali-delim-fl	271	3	4	4	79.5	0.781	0.809	0.803	0.65	Medium	Medium	Acceptable	1.21	7.47	1.03	7.09	3.16	8.19	47.71	5.45	73.73
2_6G04	mixed_ali-delim-fl	271	5	1	1	80,	0.781	0.828	0.819	0.66	Medium	Medium	Acceptable	1.20	7.44	1.04	7.07	3.15	8.17	50.46	6.78	72.03
2_6G04	mixed_ali-delim-fl	271	4	3	4	80.7	0.781	0.804	0.799	0.65	Medium	Medium	Acceptable	1.22	7.37	1.06	7.00	3.15	8.17	46.79	7.27	73.73
2_6G04	mixed_ali-delim-fl	271	3	1	1	80,	0.771	0.826	0.815	0.67	Medium	Medium	Acceptable	1.20	7.44	1.05	7.07	3.12	8.16	50.46	5.17	75.42
2_6G04	mixed_ali-delim-fl	271	2	1	3	80.3	0.77	0.828	0.816	0.66	Medium	Medium	Acceptable	1.20	7.44	1.06	7.07	3.18	8.21	49.54	5.26	74.58
2_6G04	mixed_ali-delim-fl	271	1	5	1	80.3	0.789	0.841	0.831	0.66	Medium	Medium	Acceptable	1.19	7.45	1.06	7.08	3.12	8.22	49.54	8.47	74.58
2_6G04	mixed_ali-delim-fl	271	5	3	5	80.1	0.774	0.81	0.803	0.65	Medium	Medium	Acceptable	1.21	7.35	1.05	6.98	3.13	8.14	46.79	5.56	73.73
2_6G04	mixed_ali-delim-fl	271	3	3	5	80.4	0.778	0.81	0.804	0.65	Medium	Medium	Acceptable	1.21	7.40	1.05	7.03	3.14	8.19	46.79	5.56	73.73
2_6G04	mixed_ali-delim-fl	271	1	3	5	80.3	0.778	0.811	0.804	0.66	Medium	Medium	Acceptable	1.20	7.38	1.04	7.01	3.12	8.15	47.71	5.45	74.58
2_6G04	mixed_ali-delim-fl	271	4	2	1	81.8	0.79	0.827	0.820	0.65	Medium	Medium	Acceptable	1.22	7.46	1.04	7.08	3.09	8.19	46.79	7.27	73.73
2_6G04	mixed_ali-delim-fl	271	2	3	4	82,	0.792	0.822	0.816	0.65	Medium	Medium	Acceptable	1.21	7.42	1.06	7.05	3.22	8.23	46.79	7.27	74.58
2_6G04	mixed_ali-delim-fl	271	4	1	2	80.8	0.778	0.828	0.818	0.66	Medium	Medium	Acceptable	1.21	7.46	1.05	7.09	3.16	8.21	50.46	5.17	74.58
2_6G04	mixed_ali-delim-fl	271	2	2	1	82,	0.791	0.833	0.825	0.65	Medium	Medium	Acceptable	1.22	7.45	1.04	7.07	3.09	8.18	47.71	7.14	73.73
2_6G04	mixed_ali-delim-fl	271	3	2	3	81,	0.784	0.816	0.810	0.65	Medium	Medium	Acceptable	1.23	7.45	1.03	7.07	3.08	8.16	46.79	7.27	73.73
2_6G04	mixed_ali-delim-fl	271	1	2	2	81.8	0.791	0.835	0.826	0.65	Medium	Medium	Acceptable	1.20	7.45	1.02	7.07	3.04	8.15	46.79	7.27	74.58
2_6G04	mixed_ali-delim-100	271	4	5	3	79.5	0.771	0.812	0.804	0.66	Medium	Medium	Acceptable	1.21	7.42	1.08	7.04	3.12	8.21	50.46	9.84	75.42
2_6G04	mixed_ali-delim-100	271	3	3	5	81.2	0.784	0.809	0.804	0.65	Medium	Medium	Acceptable	1.21	7.42	1.07	7.05	3.21	8.22	47.71	7.14	74.58
2_6G04	mixed_ali-delim-100	271	1	1	1	79,	0.772	0.827	0.816	0.66	Medium	Medium	Acceptable	1.20	7.46	1.03	7.08	3.14	8.18	49.54	5.26	72.88
2_6G04	mixed_ali-delim-100	271	4	2	1	81.6	0.788	0.823	0.816	0.66	Medium	Medium	Acceptable	1.22	7.44	1.03	7.07	3.04	8.14	47.71	7.14	73.73
2_6G04	mixed_ali-delim-100	271	5	1	2	80,	0.781	0.828	0.819	0.67	Medium	Medium	Acceptable	1.19	7.45	1.03	7.07	3.12	8.16	51.38	5.08	73.73
2_6G04	mixed_ali-delim-100	271	2	2	2	81.7	0.789	0.827	0.819	0.66	Medium	Medium	Acceptable	1.20	7.44	1.03	7.07	3.04	8.15	48.62	5.36	73.73
2_6G04	mixed_ali-delim-100	271	2	5	3	79.6	0.778	0.824	0.815	0.66	Medium	Medium	Acceptable	1.21	7.45	1.07	7.07	3.15	8.23	48.62	11.67	73.73
2_6G04	mixed_ali-delim-100	271	1	5	2	79.3	0.778	0.814	0.807	0.66	Medium	Medium	Acceptable	1.20	7.44	1.05	7.07	3.12	8.20	49.54	8.47	73.73
2_6G04	mixed_ali-delim-100	271	5	2	1	81.6	0.789	0.827	0.819	0.65	Medium	Medium	Acceptable	1.22	7.45	1.03	7.07	3.07	8.16	45.87	7.41	73.73
2_6G04	mixed_ali-delim-100	271	1	4	5	78.1	0.764	0.788	0.783	0.65	Medium	Medium	Acceptable	1.21	7.42	1.02	7.05	3.12	8.14	47.71	8.77	73.73
2_6G04	mixed_ali-delim-100	271	2	4	5	78.4	0.767	0.797	0.791	0.65	Medium	Medium	Acceptable	1.21	7.42	1.02	7.05	3.11	8.13	47.71	5.45	72.88
2_6G04	mixed_ali-delim-100	271	4	4	5	79,	0.777	0.799	0.795	0.66	Medium	Medium	Acceptable	1.21	7.42	1.01	7.05	3.08	8.11	49.54	5.26	73.73
2_6G04	mixed_ali-delim-100	271	3	2	3	81.7	0.789	0.827	0.819	0.65	Medium	Medium	Acceptable	1.22	7.45	1.03	7.07	3.07	8.17	47.71	7.14	72.88
2_6G04	mixed_ali-delim-100	271	3	4	4	79.9	0.785	0.816	0.810	0.65	Medium	Medium	Acceptable	1.22	7.47	1.05	7.10	3.18	8.22	47.71	7.14	72.88
2_6G04	mixed_ali-delim-100	271	4	1	2	80.1	0.77	0.817	0.808	0.66	Medium	Medium	Acceptable	1.21	7.44	1.05	7.07	3.10	8.15	49.54	6.90	77.12
2_6G04	mixed_ali-delim-100	271	5	3	4	80.3	0.775	0.806	0.800	0.65	Medium	Medium	Acceptable	1.20	7.32	1.06	6.95	3.10	8.10	46.79	5.56	73.73
2_6G04	mixed_ali-delim-100	271	5	5	3	79.8	0.773	0.825	0.815	0.66	Medium	Medium	Acceptable	1.21	7.44	1.08	7.07	3.13	8.24	50.46	12.70	74.58
2_6G04	mixed_ali-delim-100	271	4	3	4	80.5	0.776	0.803	0.798	0.64	Medium	Medium	Acceptable	1.22	7.36	1.06	6.99	3.13	8.15	44.95	5.77	74.58
2_6G04	mixed_ali-delim-100	271	3	1	1	80.7	0.79	0.835	0.826	0.67	Medium	Medium	Acceptable	1.19	7.46	1.04	7.08	3.16	8.19	50.46	6.78	72.88
2_6G04	mixed_ali-delim-100	271	1	3	4	80.3	0.771	0.802	0.796	0.65	Medium	Medium	Acceptable	1.23	7.38	1.06	7.01	3.16	8.18	45.87	7.41	72.88
2_6G04	mixed_ali-delim-100	271	2	1	1	80.7	0.792	0.833	0.825	0.67	Medium	Medium	Acceptable	1.19	7.45	1.03	7.07	3.13	8.17	50.46	5.17	73.73
2_6G04	mixed_ali-delim-100	271	3	5	2	80.3	0.786	0.831	0.822	0.66	Medium	Medium	Acceptable	1.21	7.46	1.07	7.09	3.15	8.25	49.54	11.48	74.58
2_6G04	mixed_ali-delim-100	271	1	2	3	81.2	0.783	0.811	0.805	0.65	Medium	Medium	Acceptable	1.23	7.45	1.04	7.07	3.09	8.18	45.87	7.41	73.73
2_6G04	mixed_ali-delim-100	271	2	3	4	80.5	0.779	0.811	0.805	0.65	Medium	Medium	Acceptable	1.22	7.34	1.06	6.98	3.14	8.14	46.79	5.56	74.58
2_6G04	mixed_ali-delim-100	271	5	4	5	77.1	0.753	0.788	0.781	0.65	Medium	Medium	Acceptable	1.20	7.39	1.02	7.02	3.08	8.11	46.79	5.56	72.88
2_6G04	mixed_ali-delim-200	271	2	5	1	80.4	0.782	0.846	0.833	0.66	Medium	Medium	Acceptable	1.20	7.45	1.07	7.08	3.14	8.24	48.62	10.17	74.58
2_6G04	mixed_ali-delim-200	271	3	2	2	81.5	0.787	0.822	0.815	0.65	Medium	Medium	Acceptable	1.24	7.45	1.04	7.08	3.06	8.16	47.71	7.14	73.73
2_6G04	mixed_ali-delim-200	271	3	5	1	79.8	0.783	0.828	0.819	0.66	Medium	Medium	Acceptable	1.21	7.44	1.07	7.07	3.14	8.22	49.54	12.90	72.88
2_6G04	mixed_ali-delim-200	271	1	4	5	79.5	0.781	0.809	0.803	0.66	Medium	Medium	Acceptable	1.20	7.47	1.04	7.10	3.16	8.21	48.62	10.17	73.73
2_6G04	mixed_ali-delim-200	271	4	2	2	81.5	0.787	0.826	0.818	0.65	Medium	Medium	Acceptable	1.21	7.45	1.02	7.07	3.05	8.15	46.79	7.27	73.73
2_6G04	mixed_ali-delim-200	271	5	4	4	79,	0.777	0.809	0.803	0.66	Medium	Medium	Acceptable	1.22	7.46	1.04	7.09	3.18	8.19	48.62	10.17	73.73
2_6G04	mixed_ali-delim-200	271	4	1	3	80.2	0.773	0.825	0.815	0.67	Medium	Medium	Acceptable	1.20	7.44	1.04	7.07	3.11	8.15	50.46	5.17	75.42
2_6G04	mixed_ali-delim-200	271	1	3	4	80.4	0.778	0.813	0.806	0.65	Medium	Medium	Acceptable	1.21	7.38	1.07	7.02	3.19	8.18	47.71	7.14	73.73
2_6G04	mixed_ali-delim-200	271	5	5	1	80.1	0.785	0.832	0.823	0.66	Medium	Medium	Acceptable	1.20	7.44	1.06	7.06	3.13	8.21	48.62	13.11	74.58
2_6G04	mixed_ali-delim-200	271	2	2	4	81.8	0.791	0.831	0.823	0.65	Medium	Medium	Acceptable	1.22	7.45	1.03	7.07	3.06	8.16	46.79	5.56	73.73
2_6G04	mixed_ali-delim-200	271	3	1	3	80.3	0.771	0.818	0.809	0.66	Medium	Medium	Acceptable	1.22	7.44	1.06	7.06	3.14	8.17	50.46	5.17	75.42
2_6G04	mixed_ali-delim-200	271	1	1	3	80,	0.77	0.824	0.813	0.66	Medium	Medium	Acceptable	1.20	7.44	1.06	7.07	3.16	8.19	49.54	5.26	74.58
2_6G04	mixed_ali-delim-200	271	5	2	2	81.5	0.786	0.826	0.818	0.66	Medium	Medium	Acceptable	1.22	7.44	1.03	7.06	3.05	8.14	47.71	7.14	73.73
2_6G04	mixed_ali-delim-200	271	2	3	5	80.8	0.782	0.813	0.807	0.65	Medium	Medium	Acceptable	1.22	7.45	1.05	7.08	3.17	8.25	46.79	5.56	73.73
2_6G04	mixed_ali-delim-200	271	3	4	5	78.4	0.772	0.795	0.790	0.65	Medium	Medium	Acceptable	1.22	7.44	1.03	7.07	3.13	8.15	46.79	5.56	72.88
2_6G04	mixed_ali-delim-200	271	1	2	1	81.6	0.787	0.828	0.820	0.66	Medium	Medium	Acceptable	1.21	7.44	1.04	7.07	3.10	8.20	47.71	5.45	72.88
2_6G04	mixed_ali-delim-200	271	4	3	5	80.4	0.777	0.799	0.795	0.65	Medium	Medium	Acceptable	1.22	7.41	1.06	7.04	3.16	8.20	46.79	5.56	72.88
2_6G04	mixed_ali-delim-200	271	5	1	3	80,	0.77	0.827	0.816	0.67	Medium	Medium	Acceptable	1.19	7.43	1.04	7.06	3.11	8.15	50.46	5.17	76.27
2_6G04	mixed_ali-delim-200	271	2	1	2	81,	0.796	0.841	0.832	0.66	Medium	Medium	Acceptable	1.19	7.45	1.02	7.07	3.11	8.16	49.54	5.26	73.73
2_6G04	mixed_ali-delim-200	271	4	5	4	79.8	0.772	0.823	0.813	0.66	Medium	Medium	Acceptable	1.21	7.44	1.08	7.07	3.15	8.23	50.46	11.29	75.42
2_6G04	mixed_ali-delim-200	271	5	3	5	80,	0.776	0.809	0.802	0.65	Medium	Medium	Acceptable	1.21	7.35	1.06	6.98	3.15	8.15	47.71	7.14	74.58
2_6G04	mixed_ali-delim-200	271	2	4	3	80.6	0.793	0.84	0.831	0.66	Medium	Medium	Acceptable	1.20	7.47	1.01	7.10	3.12	8.19	47.71	5.45	73.73
2_6G04	mixed_ali-delim-200	271	1	5	2	79.8	0.784	0.825	0.817	0.66	Medium	Medium	Acceptable	1.20	7.44	1.06	7.07	3.14	8.22	47.71	7.14	72.03
2_6G04	mixed_ali-delim-200	271	3	3	4	80.7	0.781	0.81	0.804	0.65	Medium	Medium	Acceptable	1.23	7.38	1.05	7.01	3.14	8.17	47.71	5.45	74.58
2_6G04	mixed_ali-delim-200	271	4	4	1	80,	0.79	0.831	0.823	0.65	Medium	Medium	Acceptable	1.20	7.47	1.02	7.09	3.13	8.18	46.79	5.56	72.03
2_6G04	unpaired_ali-delim-delim	172	5	4	3	88.4	0.837	0.787	0.797	0.53	Medium	Medium	Acceptable	1.97	4.61	2.34	4.52	3.93	7.88	41.28	15.09	71.19
2_6G04	unpaired_ali-delim-delim	172	5	2	2	88.3	0.838	0.793	0.802	0.55	Medium	Medium	Acceptable	1.88	4.53	2.36	4.43	3.77	7.25	41.28	11.76	69.49
2_6G04	unpaired_ali-delim-delim	172	5	5	1	88.8	0.837	0.846	0.844	0.68	Medium	Medium	Acceptable	1.18	4.53	1.14	4.33	2.36	6.08	50.46	6.78	70.34
2_6G04	unpaired_ali-delim-delim	172	5	1	4	88.8	0.835	0.719	0.742	0.40	Acceptable	Acceptable	Incorrect	2.82	4.28	3.22	4.57	6.64	15.26	36.70	9.09	61.86
2_6G04	unpaired_ali-delim-delim	172	4	5	3	88.1	0.83	0.786	0.795	0.54	Medium	Medium	Acceptable	1.91	4.46	2.38	4.38	3.86	8.09	41.28	13.46	68.64
2_6G04	unpaired_ali-delim-delim	172	4	3	4	87.1	0.83	0.742	0.760	0.52	Medium	Medium	Incorrect	2.02	4.31	2.42	4.26	4.07	7.03	39.45	14.00	70.34
2_6G04	unpaired_ali-delim-delim	172	4	1	5	88.3	0.828	0.723	0.744	0.42	Acceptable	Acceptable	Incorrect	2.69	4.24	3.04	4.48	6.25	14.27	36.70	9.09	63.56
2_6G04	unpaired_ali-delim-delim	172	2	5	3	87.8	0.829	0.782	0.791	0.54	Medium	Medium	Acceptable	1.92	4.62	2.36	4.53	3.94	8.52	40.37	13.73	67.80
2_6G04	unpaired_ali-delim-delim	172	2	4	2	87.8	0.829	0.783	0.792	0.53	Medium	Medium	Incorrect	2.04	4.59	2.38	4.53	4.18	8.44	42.20	14.81	70.34
2_6G04	unpaired_ali-delim-delim	172	2	2	1	87.9	0.832	0.784	0.794	0.53	Medium	Medium	Acceptable	1.96	4.52	2.41	4.45	4.00	7.93	40.37	12.00	67.80
2_6G04	unpaired_ali-delim-delim	172	1	4	3	87.9	0.83	0.783	0.792	0.51	Medium	Medium	Incorrect	2.10	4.57	2.41	4.52	4.30	8.96	40.37	18.52	70.34
2_6G04	unpaired_ali-delim-delim	172	4	2	2	89,	0.844	0.802	0.810	0.55	Medium	Medium	Acceptable	1.87	4.36	2.34	4.28	3.76	7.11	43.12	11.32	69.49
2_6G04	unpaired_ali-delim-delim	172	3	3	4	87.4	0.834	0.735	0.755	0.51	Medium	Medium	Incorrect	2.07	4.42	2.48	4.38	4.21	7.37	39.45	17.31	69.49
2_6G04	unpaired_ali-delim-delim	172	4	4	1	89.2	0.846	0.805	0.813	0.54	Medium	Medium	Acceptable	1.90	4.46	2.29	4.37	3.75	7.24	40.37	13.73	71.19
2_6G04	unpaired_ali-delim-delim	172	3	2	1	88.4	0.838	0.785	0.796	0.54	Medium	Medium	Acceptable	1.93	4.47	2.34	4.39	3.90	7.54	40.37	12.00	69.49
2_6G04	unpaired_ali-delim-delim	172	2	1	5	88.6	0.833	0.722	0.744	0.42	Acceptable	Acceptable	Incorrect	2.62	4.25	2.98	4.46	6.09	13.69	36.70	13.04	63.56
2_6G04	unpaired_ali-delim-delim	172	3	1	5	88.6	0.833	0.72	0.743	0.42	Acceptable	Acceptable	Incorrect	2.71	4.23	3.08	4.48	6.30	14.23	36.70	6.98	62.71
2_6G04	unpaired_ali-delim-delim	172	2	3	4	86.7	0.824	0.73	0.749	0.49	Acceptable	Medium	Incorrect	2.17	4.38	2.53	4.38	4.56	8.14	35.78	17.02	70.34
2_6G04	unpaired_ali-delim-delim	172	1	1	5	88.2	0.83	0.727	0.748	0.43	Acceptable	Acceptable	Incorrect	2.58	4.22	2.94	4.41	5.92	13.35	36.70	11.11	63.56
2_6G04	unpaired_ali-delim-delim	172	1	2	1	88,	0.833	0.789	0.798	0.53	Medium	Medium	Acceptable	1.95	4.48	2.40	4.40	3.92	7.59	40.37	13.73	67.80
2_6G04	unpaired_ali-delim-delim	172	1	3	4	86.4	0.822	0.729	0.748	0.49	Medium	Medium	Incorrect	2.14	4.41	2.59	4.39	4.43	7.74	35.78	17.02	70.34
2_6G04	unpaired_ali-delim-delim	172	5	3	5	86.7	0.826	0.719	0.740	0.51	Medium	Medium	Incorrect	2.04	4.36	2.45	4.32	4.17	7.37	37.61	14.58	70.34
2_6G04	unpaired_ali-delim-delim	172	1	5	2	87.3	0.825	0.785	0.793	0.54	Medium	Medium	Acceptable	1.94	4.71	2.39	4.61	3.96	8.45	41.28	13.46	67.80
2_6G04	unpaired_ali-delim-delim	172	3	4	3	87.8	0.83	0.781	0.791	0.53	Medium	Medium	Incorrect	2.05	4.61	2.37	4.54	4.18	8.65	42.20	14.81	69.49
2_6G04	unpaired_ali-delim-delim	172	3	5	2	87.7	0.83	0.785	0.794	0.54	Medium	Medium	Acceptable	1.90	4.64	2.37	4.55	3.88	8.23	41.28	13.46	68.64
2_6G04	unpaired_ali-delim-fl	271	1	3	2	81.7	0.787	0.805	0.801	0.66	Medium	Medium	Acceptable	1.25	7.21	1.05	6.84	3.02	7.93	49.54	5.26	73.73
2_6G04	unpaired_ali-delim-fl	271	4	4	5	73.8	0.682	0.791	0.769	0.66	Medium	Medium	Acceptable	1.21	7.51	1.03	7.12	2.95	8.18	46.79	7.27	70.34
2_6G04	unpaired_ali-delim-fl	271	2	3	5	81.5	0.785	0.796	0.794	0.65	Medium	Medium	Acceptable	1.25	7.28	1.04	6.91	3.03	7.99	47.71	8.77	73.73
2_6G04	unpaired_ali-delim-fl	271	3	4	1	79,	0.775	0.813	0.805	0.66	Medium	Medium	Acceptable	1.23	7.45	1.05	7.08	3.14	8.15	48.62	8.62	75.42
2_6G04	unpaired_ali-delim-fl	271	2	1	4	78.9	0.763	0.802	0.794	0.54	Medium	Medium	Acceptable	1.93	7.46	2.97	7.16	4.37	8.39	44.95	15.52	74.58
2_6G04	unpaired_ali-delim-fl	271	4	1	3	81.1	0.783	0.819	0.812	0.65	Medium	Medium	Acceptable	1.28	7.46	1.10	7.08	3.14	8.19	49.54	5.26	75.42
2_6G04	unpaired_ali-delim-fl	271	5	4	5	77.1	0.757	0.781	0.776	0.65	Medium	Medium	Acceptable	1.23	7.51	1.05	7.14	3.19	8.24	47.71	7.14	73.73
2_6G04	unpaired_ali-delim-fl	271	5	3	3	81.5	0.787	0.806	0.802	0.66	Medium	Medium	Acceptable	1.21	7.35	1.05	6.98	3.07	8.10	47.71	5.45	73.73
2_6G04	unpaired_ali-delim-fl	271	1	5	3	79.7	0.772	0.808	0.801	0.56	Medium	Medium	Acceptable	1.77	7.44	2.59	7.12	4.07	8.11	44.95	16.95	75.42
2_6G04	unpaired_ali-delim-fl	271	2	5	3	79.8	0.776	0.805	0.799	0.55	Medium	Medium	Acceptable	1.82	7.43	2.87	7.12	4.21	8.00	43.12	17.54	73.73
2_6G04	unpaired_ali-delim-fl	271	5	5	2	80.4	0.78	0.812	0.806	0.55	Medium	Medium	Acceptable	1.80	7.43	2.89	7.11	4.19	7.98	44.95	16.95	73.73
2_6G04	unpaired_ali-delim-fl	271	4	5	2	81.3	0.79	0.824	0.817	0.55	Medium	Medium	Acceptable	1.80	7.45	2.92	7.13	4.20	7.95	44.95	18.33	74.58
2_6G04	unpaired_ali-delim-fl	271	1	2	1	81.8	0.795	0.82	0.815	0.65	Medium	Medium	Acceptable	1.27	7.45	1.09	7.08	3.13	8.18	47.71	5.45	70.34
2_6G04	unpaired_ali-delim-fl	271	5	2	1	81.3	0.79	0.812	0.808	0.65	Medium	Medium	Acceptable	1.26	7.44	1.10	7.07	3.14	8.17	46.79	5.56	70.34
2_6G04	unpaired_ali-delim-fl	271	2	4	2	78.9	0.77	0.811	0.803	0.53	Medium	Medium	Acceptable	1.92	7.45	2.80	7.15	4.35	8.76	41.28	19.64	72.88
2_6G04	unpaired_ali-delim-fl	271	1	4	5	73.6	0.684	0.793	0.771	0.65	Medium	Medium	Acceptable	1.21	7.55	1.01	7.17	3.02	8.24	46.79	5.56	73.73
2_6G04	unpaired_ali-delim-fl	271	4	2	1	82.2	0.8	0.833	0.826	0.65	Medium	Medium	Acceptable	1.24	7.46	1.08	7.09	3.11	8.20	47.71	5.45	72.03
2_6G04	unpaired_ali-delim-fl	271	1	1	4	73.7	0.664	0.822	0.790	0.71	Medium	Medium	Medium	1.09	4.45	1.04	4.23	1.94	5.17	51.38	5.08	76.27
2_6G04	unpaired_ali-delim-fl	271	2	2	1	81.2	0.793	0.817	0.812	0.64	Medium	Medium	Acceptable	1.26	7.45	1.08	7.07	3.14	8.17	44.95	12.50	70.34
2_6G04	unpaired_ali-delim-fl	271	3	5	2	80,	0.777	0.809	0.803	0.54	Medium	Medium	Acceptable	1.87	7.41	2.87	7.10	4.26	8.44	44.04	15.79	73.73
2_6G04	unpaired_ali-delim-fl	271	3	2	5	79.6	0.768	0.775	0.774	0.64	Medium	Medium	Acceptable	1.23	7.41	1.05	7.04	3.12	8.13	44.95	5.77	71.19
2_6G04	unpaired_ali-delim-fl	271	4	3	4	82.3	0.793	0.814	0.810	0.65	Medium	Medium	Acceptable	1.23	7.33	1.06	6.96	3.07	8.05	47.71	7.14	74.58
2_6G04	unpaired_ali-delim-fl	271	3	3	4	81.5	0.786	0.797	0.795	0.66	Medium	Medium	Acceptable	1.20	7.18	1.08	6.82	3.03	7.89	48.62	5.36	74.58
2_6G04	unpaired_ali-delim-fl	271	3	1	3	79.3	0.768	0.804	0.797	0.54	Medium	Medium	Acceptable	1.90	7.45	2.97	7.15	4.35	8.42	44.95	18.33	75.42
2_6G04	unpaired_ali-delim-fl	271	5	1	4	79.6	0.77	0.798	0.792	0.66	Medium	Medium	Acceptable	1.23	7.41	1.08	7.04	3.09	8.13	49.54	5.26	76.27
2_6G04	single_pep-delim-delim	172	5	1	2	93,	0.881	0.901	0.897	0.57	Medium	Medium	Acceptable	1.77	4.42	2.48	4.32	3.54	5.32	44.04	14.29	74.58
2_6G04	single_pep-delim-delim	172	1	3	5	90.6	0.858	0.88	0.876	0.57	Medium	Medium	Acceptable	1.80	4.55	2.46	4.43	3.62	5.47	44.95	10.91	74.58
2_6G04	single_pep-delim-delim	172	1	1	2	92.4	0.873	0.897	0.892	0.58	Medium	Medium	Acceptable	1.76	4.41	2.48	4.30	3.53	5.29	45.87	13.79	74.58
2_6G04	single_pep-delim-delim	172	5	2	3	92.8	0.88	0.891	0.889	0.58	Medium	Medium	Acceptable	1.77	4.52	2.52	4.40	3.50	5.34	47.71	10.34	75.42
2_6G04	single_pep-delim-delim	172	1	4	1	92.7	0.881	0.898	0.895	0.58	Medium	Medium	Acceptable	1.78	4.62	2.57	4.49	3.48	5.22	47.71	11.86	75.42
2_6G04	single_pep-delim-delim	172	2	4	1	93.3	0.887	0.901	0.898	0.58	Medium	Medium	Acceptable	1.77	4.59	2.56	4.46	3.46	5.17	46.79	10.53	75.42
2_6G04	single_pep-delim-delim	172	1	2	3	92.7	0.879	0.893	0.890	0.58	Medium	Medium	Acceptable	1.77	4.52	2.51	4.40	3.51	5.34	46.79	10.53	76.27
2_6G04	single_pep-delim-delim	172	1	5	4	91.6	0.864	0.883	0.879	0.58	Medium	Medium	Acceptable	1.79	4.56	2.50	4.44	3.53	5.51	47.71	11.86	74.58
2_6G04	single_pep-delim-delim	172	3	5	4	92.2	0.871	0.891	0.887	0.59	Medium	Medium	Acceptable	1.78	4.53	2.50	4.41	3.50	5.40	48.62	10.17	74.58
2_6G04	single_pep-delim-delim	172	2	2	3	92.8	0.88	0.891	0.889	0.59	Medium	Medium	Acceptable	1.77	4.53	2.51	4.41	3.47	5.30	48.62	10.17	75.42
2_6G04	single_pep-delim-delim	172	3	2	3	93.3	0.887	0.899	0.897	0.59	Medium	Medium	Acceptable	1.76	4.51	2.53	4.39	3.47	5.26	48.62	14.52	76.27
2_6G04	single_pep-delim-delim	172	3	3	5	91.6	0.87	0.889	0.885	0.57	Medium	Medium	Acceptable	1.79	4.55	2.46	4.44	3.58	5.33	44.95	14.04	75.42
2_6G04	single_pep-delim-delim	172	3	4	1	93.6	0.892	0.908	0.905	0.58	Medium	Medium	Acceptable	1.77	4.58	2.58	4.46	3.48	5.16	46.79	12.07	75.42
2_6G04	single_pep-delim-delim	172	2	5	5	91.8	0.866	0.883	0.880	0.58	Medium	Medium	Acceptable	1.79	4.49	2.49	4.37	3.53	5.43	48.62	10.17	74.58
2_6G04	single_pep-delim-delim	172	4	3	5	91.3	0.865	0.887	0.883	0.57	Medium	Medium	Acceptable	1.80	4.58	2.47	4.47	3.60	5.47	44.95	10.91	74.58
2_6G04	single_pep-delim-delim	172	3	1	2	93.5	0.886	0.906	0.902	0.58	Medium	Medium	Acceptable	1.76	4.42	2.48	4.32	3.51	5.25	46.79	13.56	76.27
2_6G04	single_pep-delim-delim	172	5	4	1	93.2	0.887	0.903	0.900	0.58	Medium	Medium	Acceptable	1.77	4.62	2.56	4.49	3.47	5.19	45.87	10.71	73.73
2_6G04	single_pep-delim-delim	172	4	2	3	93.1	0.884	0.896	0.894	0.58	Medium	Medium	Acceptable	1.77	4.54	2.51	4.42	3.49	5.37	46.79	15.00	76.27
2_6G04	single_pep-delim-delim	172	2	1	2	93,	0.88	0.899	0.895	0.58	Medium	Medium	Acceptable	1.76	4.43	2.47	4.32	3.52	5.29	45.87	13.79	75.42
2_6G04	single_pep-delim-delim	172	4	5	4	92.1	0.869	0.89	0.886	0.58	Medium	Medium	Acceptable	1.80	4.52	2.51	4.40	3.56	5.46	46.79	10.53	74.58
2_6G04	single_pep-delim-delim	172	5	3	5	91.2	0.864	0.883	0.879	0.57	Medium	Medium	Acceptable	1.80	4.55	2.46	4.44	3.60	5.39	44.95	12.50	75.42
2_6G04	single_pep-delim-delim	172	5	5	4	92,	0.868	0.886	0.882	0.58	Medium	Medium	Acceptable	1.79	4.49	2.49	4.38	3.53	5.43	48.62	10.17	74.58
2_6G04	single_pep-delim-delim	172	4	4	1	93.4	0.888	0.906	0.902	0.58	Medium	Medium	Acceptable	1.77	4.64	2.56	4.51	3.46	5.24	46.79	12.07	74.58
2_6G04	single_pep-delim-delim	172	2	3	4	91.8	0.871	0.886	0.883	0.57	Medium	Medium	Acceptable	1.79	4.52	2.47	4.41	3.56	5.41	44.95	14.04	75.42
2_6G04	single_pep-delim-delim	172	4	1	2	93,	0.88	0.903	0.898	0.58	Medium	Medium	Acceptable	1.78	4.43	2.53	4.33	3.62	5.51	46.79	15.00	73.73
2_6G04	single_pep-delim-100	271	1	5	2	71.3	0.68	0.822	0.794	0.73	Medium	Medium	Medium	1.02	4.66	0.97	4.42	1.78	5.02	55.96	4.69	77.12
2_6G04	single_pep-delim-100	271	1	3	3	69.3	0.642	0.802	0.770	0.72	Medium	Medium	Acceptable	1.04	4.77	0.99	4.53	2.02	5.21	53.21	6.45	75.42
2_6G04	single_pep-delim-100	271	5	4	5	62.8	0.59	0.202	0.280	0.01	Incorrect	Incorrect	Incorrect	26.13	4.86	4.80	22.25	68.86	74.97	0.00	0.00	0.00
2_6G04	single_pep-delim-100	271	2	4	5	63,	0.591	0.213	0.289	0.01	Incorrect	Incorrect	Incorrect	25.65	4.88	4.47	21.86	67.62	72.96	0.00	0.00	0.00
2_6G04	single_pep-delim-100	271	2	2	4	62.4	0.594	0.3	0.359	0.00	Incorrect	Incorrect	Incorrect	30.18	4.60	6.29	26.00	82.89	81.02	0.00	0.00	0.00
2_6G04	single_pep-delim-100	271	5	1	1	70.5	0.645	0.839	0.800	0.71	Medium	Medium	Medium	1.06	4.46	1.03	4.24	1.93	4.95	51.38	5.08	75.42
2_6G04	single_pep-delim-100	271	3	5	1	73.4	0.712	0.825	0.802	0.73	Medium	Medium	Medium	1.03	4.83	0.99	4.58	1.93	5.30	55.96	4.69	77.97
2_6G04	single_pep-delim-100	271	3	2	4	61.6	0.601	0.223	0.299	0.00	Incorrect	Incorrect	Incorrect	28.06	4.63	6.43	24.37	76.94	80.93	0.00	0.00	0.00
2_6G04	single_pep-delim-100	271	4	4	5	63,	0.59	0.204	0.281	0.01	Incorrect	Incorrect	Incorrect	26.10	4.86	4.68	22.22	68.79	74.43	0.00	0.00	0.00
2_6G04	single_pep-delim-100	271	4	5	1	74.3	0.735	0.82	0.803	0.73	Medium	Medium	Medium	1.02	4.84	0.98	4.59	1.83	5.22	55.05	4.76	77.97
2_6G04	single_pep-delim-100	271	2	3	3	69.4	0.637	0.774	0.747	0.71	Medium	Medium	Acceptable	1.06	4.78	1.00	4.54	2.07	5.23	53.21	6.45	75.42
2_6G04	single_pep-delim-100	271	3	3	3	68.4	0.645	0.791	0.762	0.71	Medium	Medium	Acceptable	1.05	4.83	0.99	4.60	2.14	5.32	52.29	6.56	75.42
2_6G04	single_pep-delim-100	271	2	5	2	69.5	0.677	0.826	0.796	0.73	Medium	Medium	Medium	1.02	4.70	0.97	4.46	1.80	5.08	55.05	4.76	77.97
2_6G04	single_pep-delim-100	271	5	3	3	68.8	0.624	0.768	0.739	0.72	Medium	Medium	Acceptable	1.05	4.76	0.99	4.53	2.03	5.21	53.21	4.92	75.42
2_6G04	single_pep-delim-100	271	5	5	2	70.1	0.654	0.818	0.785	0.73	Medium	Medium	Medium	1.02	4.78	0.97	4.54	1.83	5.16	55.05	4.76	77.97
2_6G04	single_pep-delim-100	271	1	4	4	63.8	0.598	0.227	0.301	0.01	Incorrect	Incorrect	Incorrect	25.35	4.88	4.69	21.63	66.96	71.98	0.00	0.00	0.00
2_6G04	single_pep-delim-100	271	1	1	5	66.5	0.596	0.21	0.287	0.01	Incorrect	Incorrect	Incorrect	23.78	4.45	2.89	20.38	63.81	68.25	0.00	0.00	0.00
2_6G04	single_pep-delim-100	271	1	2	1	71.2	0.674	0.834	0.802	0.71	Medium	Medium	Medium	1.05	4.57	0.99	4.34	1.91	5.07	51.38	9.68	76.27
2_6G04	single_pep-delim-100	271	4	3	3	68,	0.636	0.786	0.756	0.72	Medium	Medium	Acceptable	1.05	4.82	0.98	4.58	2.10	5.29	53.21	6.45	75.42
2_6G04	single_pep-delim-100	271	3	1	2	70.8	0.654	0.834	0.798	0.70	Medium	Medium	Medium	1.08	4.43	1.04	4.21	2.00	5.06	50.46	5.17	75.42
2_6G04	single_pep-delim-100	271	4	1	2	69.6	0.644	0.831	0.794	0.71	Medium	Medium	Medium	1.07	4.45	1.05	4.23	1.95	4.93	51.38	5.08	76.27
2_6G04	single_pep-delim-100	271	4	2	4	62.6	0.605	0.289	0.352	0.00	Incorrect	Incorrect	Incorrect	29.06	4.57	6.58	25.23	79.60	79.07	0.00	0.00	0.00
2_6G04	single_pep-delim-100	271	2	1	1	70.2	0.645	0.838	0.799	0.71	Medium	Medium	Medium	1.06	4.46	1.03	4.24	1.93	4.94	52.29	5.00	77.12
2_6G04	single_pep-delim-100	271	5	2	4	62.8	0.6	0.314	0.371	0.00	Incorrect	Incorrect	Incorrect	28.60	4.64	7.14	24.45	76.92	73.11	0.00	0.00	0.00
2_6G04	single_pep-delim-100	271	3	4	5	62.6	0.587	0.2	0.277	0.01	Incorrect	Incorrect	Incorrect	25.58	4.87	5.10	21.86	68.12	73.40	0.00	0.00	0.00
2_6G04	single_pep-delim-200	271	3	3	3	69.6	0.65	0.803	0.772	0.72	Medium	Medium	Acceptable	1.04	4.85	0.99	4.61	2.03	5.30	53.21	6.45	75.42
2_6G04	single_pep-delim-200	271	3	1	1	70.3	0.655	0.836	0.800	0.71	Medium	Medium	Medium	1.07	4.44	1.04	4.22	1.93	4.91	51.38	5.08	75.42
2_6G04	single_pep-delim-200	271	2	4	5	62.9	0.592	0.218	0.293	0.01	Incorrect	Incorrect	Incorrect	25.82	4.77	4.71	21.99	68.11	73.43	0.00	0.00	0.00
2_6G04	single_pep-delim-200	271	4	5	2	69.8	0.658	0.818	0.786	0.73	Medium	Medium	Medium	1.02	4.78	0.97	4.53	1.83	5.18	55.05	4.76	77.97
2_6G04	single_pep-delim-200	271	2	1	4	65.9	0.6	0.222	0.298	0.01	Incorrect	Incorrect	Incorrect	23.72	4.45	2.84	20.31	63.27	68.66	0.00	0.00	0.00
2_6G04	single_pep-delim-200	271	3	5	2	68.2	0.634	0.816	0.780	0.72	Medium	Medium	Medium	1.03	4.81	1.00	4.57	1.94	5.24	54.13	4.84	77.97
2_6G04	single_pep-delim-200	271	5	5	1	70.4	0.656	0.823	0.790	0.73	Medium	Medium	Medium	1.02	4.77	0.97	4.52	1.81	5.14	55.05	4.76	77.97
2_6G04	single_pep-delim-200	271	1	2	5	61.7	0.597	0.207	0.285	0.00	Incorrect	Incorrect	Incorrect	28.96	4.63	6.39	25.09	79.35	80.36	0.00	0.00	0.00
2_6G04	single_pep-delim-200	271	4	1	1	69.5	0.645	0.834	0.796	0.71	Medium	Medium	Medium	1.06	4.40	1.03	4.18	1.88	4.84	51.38	5.08	76.27
2_6G04	single_pep-delim-200	271	1	1	1	70.3	0.647	0.841	0.802	0.71	Medium	Medium	Medium	1.07	4.45	1.04	4.23	1.96	4.95	51.38	5.08	75.42
2_6G04	single_pep-delim-200	271	4	2	4	62,	0.596	0.208	0.286	0.00	Incorrect	Incorrect	Incorrect	29.93	4.61	6.71	26.03	82.65	81.60	0.00	0.00	0.00
2_6G04	single_pep-delim-200	271	5	3	3	68.6	0.648	0.801	0.770	0.71	Medium	Medium	Acceptable	1.05	4.80	1.00	4.57	2.06	5.26	52.29	6.56	75.42
2_6G04	single_pep-delim-200	271	5	2	4	62.7	0.602	0.289	0.352	0.00	Incorrect	Incorrect	Incorrect	29.52	4.64	6.46	25.63	81.13	80.71	0.00	0.00	0.00
2_6G04	single_pep-delim-200	271	1	4	4	63.5	0.596	0.216	0.292	0.01	Incorrect	Incorrect	Incorrect	25.63	4.84	4.99	21.84	67.75	72.76	0.00	0.00	0.00
2_6G04	single_pep-delim-200	271	5	4	5	62.9	0.588	0.199	0.277	0.01	Incorrect	Incorrect	Incorrect	26.23	4.86	4.46	22.35	68.64	75.62	0.00	0.00	0.00
2_6G04	single_pep-delim-200	271	4	3	3	68.5	0.636	0.79	0.759	0.72	Medium	Medium	Medium	1.04	4.69	0.98	4.45	1.97	5.12	53.21	4.92	75.42
2_6G04	single_pep-delim-200	271	2	2	3	61.9	0.607	0.237	0.311	0.00	Incorrect	Incorrect	Incorrect	28.75	4.58	5.90	24.99	78.87	78.42	0.00	0.00	0.00
2_6G04	single_pep-delim-200	271	3	4	4	67.3	0.635	0.748	0.725	0.70	Medium	Medium	Acceptable	1.15	5.08	1.15	4.83	2.19	5.95	52.29	3.39	74.58
2_6G04	single_pep-delim-200	271	1	3	3	69,	0.656	0.814	0.782	0.72	Medium	Medium	Medium	1.03	4.74	0.97	4.50	1.95	5.14	53.21	4.92	75.42
2_6G04	single_pep-delim-200	271	2	3	2	68.1	0.652	0.8	0.770	0.72	Medium	Medium	Medium	1.04	4.70	0.97	4.46	1.96	5.10	53.21	4.92	75.42
2_6G04	single_pep-delim-200	271	3	2	5	61.6	0.597	0.203	0.282	0.01	Incorrect	Incorrect	Incorrect	24.57	4.73	7.22	21.08	65.93	67.69	0.00	0.00	0.00
2_6G04	single_pep-delim-200	271	4	4	5	62.3	0.574	0.172	0.252	0.00	Incorrect	Incorrect	Incorrect	28.31	4.73	5.18	24.62	78.53	75.59	0.00	0.00	0.00
2_6G04	single_pep-delim-200	271	1	5	2	70.3	0.656	0.816	0.784	0.73	Medium	Medium	Medium	1.02	4.83	0.97	4.58	1.84	5.22	55.05	4.76	77.97
2_6G04	single_pep-delim-200	271	5	1	2	69.4	0.645	0.825	0.789	0.71	Medium	Medium	Medium	1.07	4.46	1.05	4.24	1.98	4.94	51.38	5.08	75.42
2_6G04	single_pep-delim-200	271	2	5	1	68.8	0.654	0.815	0.783	0.73	Medium	Medium	Medium	1.02	4.70	0.98	4.46	1.83	5.09	55.05	4.76	77.97
