# PDBCODE: 5NCL
CHAIN:A	UNIPROT:P53894	START:251	STOP:756
CHAIN:B	UNIPROT:P43563	START:46	STOP:287
CHAIN:D	UNIPROT:P24276	START:205	STOP:214
# PDBCODE: 5OJR
CHAIN:A	UNIPROT:Q8DI95	START:39	STOP:347
CHAIN:E	UNIPROT:Q8DIV4	START:335	STOP:352
# PDBCODE: 5V1U
CHAIN:A	UNIPROT:D1CIZ5	START:1	STOP:88
CHAIN:E	UNIPROT:D1CIY7	START:1	STOP:20
# PDBCODE: 6A30
CHAIN:A	UNIPROT:Q62768	START:944	STOP:1523
CHAIN:P	UNIPROT:P63045	START:87	STOP:92
# PDBCODE: 6DO3
CHAIN:A	UNIPROT:Q9Y2U9	START:1	STOP:362
CHAIN:C	UNIPROT:Q9Y6D0	START:85	STOP:91
# PDBCODE: 6G04
CHAIN:A	UNIPROT:Q06672	START:1	STOP:152
CHAIN:B	UNIPROT:P39938	START:100	STOP:119
# PDBCODE: 6ICV
CHAIN:A	UNIPROT:Q86TU7	START:1	STOP:503
CHAIN:C	UNIPROT:P60709	START:66	STOP:88
# PDBCODE: 6IDX
CHAIN:A	UNIPROT:Q96JJ3	START:5	STOP:515
CHAIN:C	UNIPROT:Q3UHD1	START:1471	STOP:1495
# PDBCODE: 6IXQ
CHAIN:A	UNIPROT:P19524	START:1152	STOP:1574
CHAIN:B	UNIPROT:P32364	START:615	STOP:650
# PDBCODE: 6J0W
CHAIN:A	UNIPROT:P38850	START:1	STOP:513
CHAIN:C	UNIPROT:P40026	START:13	STOP:41
# PDBCODE: 6J0X
CHAIN:A	UNIPROT:P38850	START:1	STOP:513
CHAIN:E	UNIPROT:Q06164	START:22	STOP:37
# PDBCODE: 6JLH
CHAIN:A	UNIPROT:Q5XJX1	START:7	STOP:267
CHAIN:B	UNIPROT:P60880	START:154	STOP:170
# PDBCODE: 6JWJ
CHAIN:A	UNIPROT:P33755	START:113	STOP:580
CHAIN:C	UNIPROT:P53044	START:288	STOP:305
# PDBCODE: 6KPB
CHAIN:C	UNIPROT:Q9LPR8	START:1	STOP:482
CHAIN:B	UNIPROT:Q700D2	START:367	STOP:383
# PDBCODE: 6L0V
CHAIN:A	UNIPROT:F4K0X5	START:1006	STOP:1066
CHAIN:B	UNIPROT:Q5XVG3	START:274	STOP:287
# PDBCODE: 6LPH
CHAIN:A	UNIPROT:Q9VG38	START:1	STOP:258
CHAIN:B	UNIPROT:P23647	START:363	STOP:387
# PDBCODE: 6OCG
CHAIN:A	UNIPROT:Q7L8A9	START:59	STOP:305
CHAIN:B	UNIPROT:Q8N300	START:26	STOP:51
# PDBCODE: 6PSD
CHAIN:G	UNIPROT:Q9BSW2	START:47	STOP:121
CHAIN:H	UNIPROT:B3KM42	START:287	STOP:311
# PDBCODE: 6PSE
CHAIN:A	UNIPROT:Q8TD16	START:1	STOP:98
CHAIN:B	UNIPROT:Q8TD16	START:1	STOP:98
CHAIN:C	UNIPROT:Q9Y6G9	START:433	STOP:458
# PDBCODE: 6RKO
CHAIN:A	UNIPROT:P0ABJ9	START:1	STOP:522
CHAIN:H	UNIPROT:A5A618	START:1	STOP:29
# PDBCODE: 6RKO
CHAIN:A	UNIPROT:P0ABJ9	START:1	STOP:522
CHAIN:X	UNIPROT:P56100	START:1	STOP:37
# PDBCODE: 6SAT
CHAIN:A	UNIPROT:Q8NNN6	START:64	STOP:152
CHAIN:B	UNIPROT:Q8NNN6	START:64	STOP:152
CHAIN:P	UNIPROT:P94337	START:433	STOP:442
# PDBCODE: 6TWN
CHAIN:B	UNIPROT:P26039	START:1359	STOP:1659
CHAIN:C	UNIPROT:P06493	START:207	STOP:223
# PDBCODE: 6XFK
CHAIN:A	UNIPROT:P0CL43	START:84	STOP:147
CHAIN:B	UNIPROT:P35672	START:543	STOP:558
# PDBCODE: 6YN0
CHAIN:A	UNIPROT:P02919	START:58	STOP:804
CHAIN:B	UNIPROT:P29131	START:75	STOP:93
# PDBCODE: 7B1J
CHAIN:A	UNIPROT:Q9Y6D9	START:597	STOP:718
CHAIN:B	UNIPROT:Q9Y6D9	START:597	STOP:718
CHAIN:C	UNIPROT:O43683	START:455	STOP:479
# PDBCODE: 7CFC
CHAIN:A	UNIPROT:A1ZAC4	START:272	STOP:512
CHAIN:F	UNIPROT:Q7PLK0	START:63	STOP:78
# PDBCODE: 7CZM
CHAIN:A	UNIPROT:Q8TDY2	START:1490	STOP:1594
CHAIN:C	UNIPROT:Q96CV9	START:173	STOP:185
# PDBCODE: 7F2D
CHAIN:A	UNIPROT:P93026	START:20	STOP:182
CHAIN:B	UNIPROT:P15455	START:468	STOP:472
# PDBCODE: 7MKK
CHAIN:B	UNIPROT:Q9W3W6	START:14	STOP:90
CHAIN:C	UNIPROT:Q9W2H9	START:83	STOP:109
# PDBCODE: 7MU2
CHAIN:A	UNIPROT:Q9Y4P8	START:11	STOP:363
CHAIN:B	UNIPROT:E7EVC7	START:207	STOP:230
# PDBCODE: 7NW1
CHAIN:AAA	UNIPROT:Q9Y3C8	START:1	STOP:167
CHAIN:FFF	UNIPROT:Q9GZZ9	START:389	STOP:404
# PDBCODE: 7QDW
CHAIN:A	UNIPROT:Q8I2Y4	START:265	STOP:332
CHAIN:B	UNIPROT:Q8IK99	START:817	STOP:841
# PDBCODE: 7RXQ
CHAIN:A	UNIPROT:Q9BR39	START:1	STOP:437
CHAIN:B	UNIPROT:P07293	START:1594	STOP:1609
# PDBCODE: 7SID
CHAIN:A	UNIPROT:Q13315	START:1	STOP:3056
CHAIN:B	UNIPROT:O60934	START:727	STOP:754
# PDBCODE: 6J08
CHAIN:A	UNIPROT:Q3KP22	START:2	STOP:109
CHAIN:D	UNIPROT:Q8NHR7	START:174	STOP:209
# PDBCODE: 6ZW0
CHAIN:A	UNIPROT:Q57968	START:2	STOP:293
CHAIN:C	UNIPROT:Q58261	START:140	STOP:169
# PDBCODE: 7N40
CHAIN:A	UNIPROT:Q09028	START:1	STOP:425
CHAIN:B	UNIPROT:Q5TKA1	START:98	STOP:274
CHAIN:C	UNIPROT:Q96GY3	START:95	STOP:126
# PDBCODE: 7O6N
CHAIN:A	UNIPROT:Q20057	START:1	STOP:99
CHAIN:D	UNIPROT:O76616	START:179	STOP:193
# PDBCODE: 5OW5
CHAIN:A	UNIPROT:Q8BG40	START:481	STOP:658
CHAIN:B	UNIPROT:E9PZI6	START:3	STOP:80
CHAIN:E	UNIPROT:Q80VC9	START:461	STOP:470
# PDBCODE: 6JMT
CHAIN:A	UNIPROT:Q80XR8	START:1	STOP:360
CHAIN:L	UNIPROT:Q9ES28	START:685	STOP:705
# PDBCODE: 6GP7
CHAIN:B	UNIPROT:P0CI74	START:4	STOP:64
CHAIN:C	UNIPROT:P0CI74	START:4	STOP:64
CHAIN:D	UNIPROT:A0A5D4ND23	START:1	STOP:17
